{"meta": {"format": 3, "version": "7.10.6", "timestamp": "2025-09-19T10:48:08.620504", "branch_coverage": true, "show_contexts": false}, "files": {"src/naylence/fame/channel/__init__.py": {"executed_lines": [1, 2, 3, 5], "summary": {"covered_lines": 4, "num_statements": 4, "percent_covered": 100.0, "percent_covered_display": "100.00", "missing_lines": 0, "excluded_lines": 0, "num_branches": 0, "num_partial_branches": 0, "covered_branches": 0, "missing_branches": 0}, "missing_lines": [], "excluded_lines": [], "executed_branches": [], "missing_branches": [], "functions": {"": {"executed_lines": [1, 2, 3, 5], "summary": {"covered_lines": 4, "num_statements": 4, "percent_covered": 100.0, "percent_covered_display": "100.00", "missing_lines": 0, "excluded_lines": 0, "num_branches": 0, "num_partial_branches": 0, "covered_branches": 0, "missing_branches": 0}, "missing_lines": [], "excluded_lines": [], "executed_branches": [], "missing_branches": []}}, "classes": {"": {"executed_lines": [1, 2, 3, 5], "summary": {"covered_lines": 4, "num_statements": 4, "percent_covered": 100.0, "percent_covered_display": "100.00", "missing_lines": 0, "excluded_lines": 0, "num_branches": 0, "num_partial_branches": 0, "covered_branches": 0, "missing_branches": 0}, "missing_lines": [], "excluded_lines": [], "executed_branches": [], "missing_branches": []}}}, "src/naylence/fame/channel/flow_controller.py": {"executed_lines": [1, 24, 26, 27, 29, 32, 33, 46, 65, 70, 104, 109, 127, 136, 154, 161, 169], "summary": {"covered_lines": 15, "num_statements": 78, "percent_covered": 15.957446808510639, "percent_covered_display": "15.96", "missing_lines": 63, "excluded_lines": 0, "num_branches": 16, "num_partial_branches": 0, "covered_branches": 0, "missing_branches": 16}, "missing_lines": [47, 48, 50, 52, 54, 56, 58, 60, 67, 68, 77, 78, 79, 80, 82, 83, 84, 86, 88, 89, 90, 91, 94, 98, 99, 106, 107, 116, 117, 119, 120, 123, 124, 125, 129, 130, 131, 132, 133, 134, 143, 144, 146, 147, 149, 150, 151, 152, 156, 163, 164, 165, 166, 167, 172, 173, 174, 175, 178, 179, 180, 183, 184], "excluded_lines": [], "executed_branches": [], "missing_branches": [[47, 48], [47, 50], [79, 80], [79, 82], [123, 124], [123, 125], [132, 133], [132, 134], [143, 144], [143, 146], [146, 147], [146, 149], [172, 173], [172, 178], [178, 179], [178, 183]], "functions": {"FlowController.__init__": {"executed_lines": [], "summary": {"covered_lines": 0, "num_statements": 8, "percent_covered": 0.0, "percent_covered_display": "0.00", "missing_lines": 8, "excluded_lines": 0, "num_branches": 2, "num_partial_branches": 0, "covered_branches": 0, "missing_branches": 2}, "missing_lines": [47, 48, 50, 52, 54, 56, 58, 60], "excluded_lines": [], "executed_branches": [], "missing_branches": [[47, 48], [47, 50]]}, "FlowController._ensure_flow": {"executed_lines": [], "summary": {"covered_lines": 0, "num_statements": 2, "percent_covered": 0.0, "percent_covered_display": "0.00", "missing_lines": 2, "excluded_lines": 0, "num_branches": 0, "num_partial_branches": 0, "covered_branches": 0, "missing_branches": 0}, "missing_lines": [67, 68], "excluded_lines": [], "executed_branches": [], "missing_branches": []}, "FlowController._wake_waiters": {"executed_lines": [], "summary": {"covered_lines": 0, "num_statements": 11, "percent_covered": 0.0, "percent_covered_display": "0.00", "missing_lines": 11, "excluded_lines": 0, "num_branches": 2, "num_partial_branches": 0, "covered_branches": 0, "missing_branches": 2}, "missing_lines": [77, 78, 79, 80, 82, 83, 84, 86, 88, 98, 99], "excluded_lines": [], "executed_branches": [], "missing_branches": [[79, 80], [79, 82]]}, "FlowController._wake_waiters._notifier": {"executed_lines": [], "summary": {"covered_lines": 0, "num_statements": 4, "percent_covered": 0.0, "percent_covered_display": "0.00", "missing_lines": 4, "excluded_lines": 0, "num_branches": 0, "num_partial_branches": 0, "covered_branches": 0, "missing_branches": 0}, "missing_lines": [89, 90, 91, 94], "excluded_lines": [], "executed_branches": [], "missing_branches": []}, "FlowController.get_credits": {"executed_lines": [], "summary": {"covered_lines": 0, "num_statements": 2, "percent_covered": 0.0, "percent_covered_display": "0.00", "missing_lines": 2, "excluded_lines": 0, "num_branches": 0, "num_partial_branches": 0, "covered_branches": 0, "missing_branches": 0}, "missing_lines": [106, 107], "excluded_lines": [], "executed_branches": [], "missing_branches": []}, "FlowController.add_credits": {"executed_lines": [], "summary": {"covered_lines": 0, "num_statements": 7, "percent_covered": 0.0, "percent_covered_display": "0.00", "missing_lines": 7, "excluded_lines": 0, "num_branches": 2, "num_partial_branches": 0, "covered_branches": 0, "missing_branches": 2}, "missing_lines": [116, 117, 119, 120, 123, 124, 125], "excluded_lines": [], "executed_branches": [], "missing_branches": [[123, 124], [123, 125]]}, "FlowController.acquire": {"executed_lines": [], "summary": {"covered_lines": 0, "num_statements": 6, "percent_covered": 0.0, "percent_covered_display": "0.00", "missing_lines": 6, "excluded_lines": 0, "num_branches": 2, "num_partial_branches": 0, "covered_branches": 0, "missing_branches": 2}, "missing_lines": [129, 130, 131, 132, 133, 134], "excluded_lines": [], "executed_branches": [], "missing_branches": [[132, 133], [132, 134]]}, "FlowController.consume": {"executed_lines": [], "summary": {"covered_lines": 0, "num_statements": 8, "percent_covered": 0.0, "percent_covered_display": "0.00", "missing_lines": 8, "excluded_lines": 0, "num_branches": 4, "num_partial_branches": 0, "covered_branches": 0, "missing_branches": 4}, "missing_lines": [143, 144, 146, 147, 149, 150, 151, 152], "excluded_lines": [], "executed_branches": [], "missing_branches": [[143, 144], [143, 146], [146, 147], [146, 149]]}, "FlowController.needs_refill": {"executed_lines": [], "summary": {"covered_lines": 0, "num_statements": 1, "percent_covered": 0.0, "percent_covered_display": "0.00", "missing_lines": 1, "excluded_lines": 0, "num_branches": 0, "num_partial_branches": 0, "covered_branches": 0, "missing_branches": 0}, "missing_lines": [156], "excluded_lines": [], "executed_branches": [], "missing_branches": []}, "FlowController.reset_flow": {"executed_lines": [], "summary": {"covered_lines": 0, "num_statements": 5, "percent_covered": 0.0, "percent_covered_display": "0.00", "missing_lines": 5, "excluded_lines": 0, "num_branches": 0, "num_partial_branches": 0, "covered_branches": 0, "missing_branches": 0}, "missing_lines": [163, 164, 165, 166, 167], "excluded_lines": [], "executed_branches": [], "missing_branches": []}, "FlowController.next_window": {"executed_lines": [], "summary": {"covered_lines": 0, "num_statements": 9, "percent_covered": 0.0, "percent_covered_display": "0.00", "missing_lines": 9, "excluded_lines": 0, "num_branches": 4, "num_partial_branches": 0, "covered_branches": 0, "missing_branches": 4}, "missing_lines": [172, 173, 174, 175, 178, 179, 180, 183, 184], "excluded_lines": [], "executed_branches": [], "missing_branches": [[172, 173], [172, 178], [178, 179], [178, 183]]}, "": {"executed_lines": [1, 24, 26, 27, 29, 32, 33, 46, 65, 70, 104, 109, 127, 136, 154, 161, 169], "summary": {"covered_lines": 15, "num_statements": 15, "percent_covered": 100.0, "percent_covered_display": "100.00", "missing_lines": 0, "excluded_lines": 0, "num_branches": 0, "num_partial_branches": 0, "covered_branches": 0, "missing_branches": 0}, "missing_lines": [], "excluded_lines": [], "executed_branches": [], "missing_branches": []}}, "classes": {"FlowController": {"executed_lines": [], "summary": {"covered_lines": 0, "num_statements": 63, "percent_covered": 0.0, "percent_covered_display": "0.00", "missing_lines": 63, "excluded_lines": 0, "num_branches": 16, "num_partial_branches": 0, "covered_branches": 0, "missing_branches": 16}, "missing_lines": [47, 48, 50, 52, 54, 56, 58, 60, 67, 68, 77, 78, 79, 80, 82, 83, 84, 86, 88, 89, 90, 91, 94, 98, 99, 106, 107, 116, 117, 119, 120, 123, 124, 125, 129, 130, 131, 132, 133, 134, 143, 144, 146, 147, 149, 150, 151, 152, 156, 163, 164, 165, 166, 167, 172, 173, 174, 175, 178, 179, 180, 183, 184], "excluded_lines": [], "executed_branches": [], "missing_branches": [[47, 48], [47, 50], [79, 80], [79, 82], [123, 124], [123, 125], [132, 133], [132, 134], [143, 144], [143, 146], [146, 147], [146, 149], [172, 173], [172, 178], [178, 179], [178, 183]]}, "": {"executed_lines": [1, 24, 26, 27, 29, 32, 33, 46, 65, 70, 104, 109, 127, 136, 154, 161, 169], "summary": {"covered_lines": 15, "num_statements": 15, "percent_covered": 100.0, "percent_covered_display": "100.00", "missing_lines": 0, "excluded_lines": 0, "num_branches": 0, "num_partial_branches": 0, "covered_branches": 0, "missing_branches": 0}, "missing_lines": [], "excluded_lines": [], "executed_branches": [], "missing_branches": []}}}, "src/naylence/fame/channel/in_memory/__init__.py": {"executed_lines": [], "summary": {"covered_lines": 0, "num_statements": 0, "percent_covered": 100.0, "percent_covered_display": "100.00", "missing_lines": 0, "excluded_lines": 0, "num_branches": 0, "num_partial_branches": 0, "covered_branches": 0, "missing_branches": 0}, "missing_lines": [], "excluded_lines": [], "executed_branches": [], "missing_branches": [], "functions": {"": {"executed_lines": [], "summary": {"covered_lines": 0, "num_statements": 0, "percent_covered": 100.0, "percent_covered_display": "100.00", "missing_lines": 0, "excluded_lines": 0, "num_branches": 0, "num_partial_branches": 0, "covered_branches": 0, "missing_branches": 0}, "missing_lines": [], "excluded_lines": [], "executed_branches": [], "missing_branches": []}}, "classes": {"": {"executed_lines": [], "summary": {"covered_lines": 0, "num_statements": 0, "percent_covered": 100.0, "percent_covered_display": "100.00", "missing_lines": 0, "excluded_lines": 0, "num_branches": 0, "num_partial_branches": 0, "covered_branches": 0, "missing_branches": 0}, "missing_lines": [], "excluded_lines": [], "executed_branches": [], "missing_branches": []}}}, "src/naylence/fame/channel/in_memory/in_memory_binding.py": {"executed_lines": [1, 3, 4, 7, 8], "summary": {"covered_lines": 5, "num_statements": 7, "percent_covered": 71.42857142857143, "percent_covered_display": "71.43", "missing_lines": 2, "excluded_lines": 0, "num_branches": 0, "num_partial_branches": 0, "covered_branches": 0, "missing_branches": 0}, "missing_lines": [9, 10], "excluded_lines": [], "executed_branches": [], "missing_branches": [], "functions": {"InMemoryBinding.__init__": {"executed_lines": [], "summary": {"covered_lines": 0, "num_statements": 2, "percent_covered": 0.0, "percent_covered_display": "0.00", "missing_lines": 2, "excluded_lines": 0, "num_branches": 0, "num_partial_branches": 0, "covered_branches": 0, "missing_branches": 0}, "missing_lines": [9, 10], "excluded_lines": [], "executed_branches": [], "missing_branches": []}, "": {"executed_lines": [1, 3, 4, 7, 8], "summary": {"covered_lines": 5, "num_statements": 5, "percent_covered": 100.0, "percent_covered_display": "100.00", "missing_lines": 0, "excluded_lines": 0, "num_branches": 0, "num_partial_branches": 0, "covered_branches": 0, "missing_branches": 0}, "missing_lines": [], "excluded_lines": [], "executed_branches": [], "missing_branches": []}}, "classes": {"InMemoryBinding": {"executed_lines": [], "summary": {"covered_lines": 0, "num_statements": 2, "percent_covered": 0.0, "percent_covered_display": "0.00", "missing_lines": 2, "excluded_lines": 0, "num_branches": 0, "num_partial_branches": 0, "covered_branches": 0, "missing_branches": 0}, "missing_lines": [9, 10], "excluded_lines": [], "executed_branches": [], "missing_branches": []}, "": {"executed_lines": [1, 3, 4, 7, 8], "summary": {"covered_lines": 5, "num_statements": 5, "percent_covered": 100.0, "percent_covered_display": "100.00", "missing_lines": 0, "excluded_lines": 0, "num_branches": 0, "num_partial_branches": 0, "covered_branches": 0, "missing_branches": 0}, "missing_lines": [], "excluded_lines": [], "executed_branches": [], "missing_branches": []}}}, "src/naylence/fame/channel/in_memory/in_memory_channel.py": {"executed_lines": [1, 3, 4, 5, 7, 15, 19, 20, 25, 26, 29, 35, 39], "summary": {"covered_lines": 13, "num_statements": 23, "percent_covered": 56.52173913043478, "percent_covered_display": "56.52", "missing_lines": 10, "excluded_lines": 1, "num_branches": 0, "num_partial_branches": 0, "covered_branches": 0, "missing_branches": 0}, "missing_lines": [16, 21, 22, 27, 30, 31, 32, 33, 40, 41], "excluded_lines": [37], "executed_branches": [], "missing_branches": [], "functions": {"in_memory_channel_factory": {"executed_lines": [], "summary": {"covered_lines": 0, "num_statements": 1, "percent_covered": 0.0, "percent_covered_display": "0.00", "missing_lines": 1, "excluded_lines": 0, "num_branches": 0, "num_partial_branches": 0, "covered_branches": 0, "missing_branches": 0}, "missing_lines": [16], "excluded_lines": [], "executed_branches": [], "missing_branches": []}, "InMemoryChannel.__init__": {"executed_lines": [], "summary": {"covered_lines": 0, "num_statements": 2, "percent_covered": 0.0, "percent_covered_display": "0.00", "missing_lines": 2, "excluded_lines": 0, "num_branches": 0, "num_partial_branches": 0, "covered_branches": 0, "missing_branches": 0}, "missing_lines": [21, 22], "excluded_lines": [], "executed_branches": [], "missing_branches": []}, "InMemoryReadWriteChannel.__init__": {"executed_lines": [], "summary": {"covered_lines": 0, "num_statements": 1, "percent_covered": 0.0, "percent_covered_display": "0.00", "missing_lines": 1, "excluded_lines": 0, "num_branches": 0, "num_partial_branches": 0, "covered_branches": 0, "missing_branches": 0}, "missing_lines": [27], "excluded_lines": [], "executed_branches": [], "missing_branches": []}, "InMemoryReadWriteChannel.receive": {"executed_lines": [], "summary": {"covered_lines": 0, "num_statements": 4, "percent_covered": 0.0, "percent_covered_display": "0.00", "missing_lines": 4, "excluded_lines": 0, "num_branches": 0, "num_partial_branches": 0, "covered_branches": 0, "missing_branches": 0}, "missing_lines": [30, 31, 32, 33], "excluded_lines": [], "executed_branches": [], "missing_branches": []}, "InMemoryReadWriteChannel.acknowledge": {"executed_lines": [], "summary": {"covered_lines": 0, "num_statements": 0, "percent_covered": 100.0, "percent_covered_display": "100.00", "missing_lines": 0, "excluded_lines": 1, "num_branches": 0, "num_partial_branches": 0, "covered_branches": 0, "missing_branches": 0}, "missing_lines": [], "excluded_lines": [37], "executed_branches": [], "missing_branches": []}, "InMemoryReadWriteChannel.send": {"executed_lines": [], "summary": {"covered_lines": 0, "num_statements": 2, "percent_covered": 0.0, "percent_covered_display": "0.00", "missing_lines": 2, "excluded_lines": 0, "num_branches": 0, "num_partial_branches": 0, "covered_branches": 0, "missing_branches": 0}, "missing_lines": [40, 41], "excluded_lines": [], "executed_branches": [], "missing_branches": []}, "": {"executed_lines": [1, 3, 4, 5, 7, 15, 19, 20, 25, 26, 29, 35, 39], "summary": {"covered_lines": 13, "num_statements": 13, "percent_covered": 100.0, "percent_covered_display": "100.00", "missing_lines": 0, "excluded_lines": 0, "num_branches": 0, "num_partial_branches": 0, "covered_branches": 0, "missing_branches": 0}, "missing_lines": [], "excluded_lines": [], "executed_branches": [], "missing_branches": []}}, "classes": {"InMemoryChannel": {"executed_lines": [], "summary": {"covered_lines": 0, "num_statements": 2, "percent_covered": 0.0, "percent_covered_display": "0.00", "missing_lines": 2, "excluded_lines": 0, "num_branches": 0, "num_partial_branches": 0, "covered_branches": 0, "missing_branches": 0}, "missing_lines": [21, 22], "excluded_lines": [], "executed_branches": [], "missing_branches": []}, "InMemoryReadWriteChannel": {"executed_lines": [], "summary": {"covered_lines": 0, "num_statements": 7, "percent_covered": 0.0, "percent_covered_display": "0.00", "missing_lines": 7, "excluded_lines": 1, "num_branches": 0, "num_partial_branches": 0, "covered_branches": 0, "missing_branches": 0}, "missing_lines": [27, 30, 31, 32, 33, 40, 41], "excluded_lines": [37], "executed_branches": [], "missing_branches": []}, "": {"executed_lines": [1, 3, 4, 5, 7, 15, 19, 20, 25, 26, 29, 35, 39], "summary": {"covered_lines": 13, "num_statements": 14, "percent_covered": 92.85714285714286, "percent_covered_display": "92.86", "missing_lines": 1, "excluded_lines": 0, "num_branches": 0, "num_partial_branches": 0, "covered_branches": 0, "missing_branches": 0}, "missing_lines": [16], "excluded_lines": [], "executed_branches": [], "missing_branches": []}}}, "src/naylence/fame/connector/__init__.py": {"executed_lines": [1, 2, 5, 6, 7, 8, 10], "summary": {"covered_lines": 7, "num_statements": 7, "percent_covered": 100.0, "percent_covered_display": "100.00", "missing_lines": 0, "excluded_lines": 0, "num_branches": 0, "num_partial_branches": 0, "covered_branches": 0, "missing_branches": 0}, "missing_lines": [], "excluded_lines": [], "executed_branches": [], "missing_branches": [], "functions": {"": {"executed_lines": [1, 2, 5, 6, 7, 8, 10], "summary": {"covered_lines": 7, "num_statements": 7, "percent_covered": 100.0, "percent_covered_display": "100.00", "missing_lines": 0, "excluded_lines": 0, "num_branches": 0, "num_partial_branches": 0, "covered_branches": 0, "missing_branches": 0}, "missing_lines": [], "excluded_lines": [], "executed_branches": [], "missing_branches": []}}, "classes": {"": {"executed_lines": [1, 2, 5, 6, 7, 8, 10], "summary": {"covered_lines": 7, "num_statements": 7, "percent_covered": 100.0, "percent_covered_display": "100.00", "missing_lines": 0, "excluded_lines": 0, "num_branches": 0, "num_partial_branches": 0, "covered_branches": 0, "missing_branches": 0}, "missing_lines": [], "excluded_lines": [], "executed_branches": [], "missing_branches": []}}}, "src/naylence/fame/connector/base_async_connector.py": {"executed_lines": [1, 7, 9, 10, 11, 12, 13, 14, 15, 17, 19, 31, 32, 33, 34, 35, 36, 37, 39, 41, 42, 44, 46, 47, 50, 54, 55, 57, 59, 62, 65, 68, 71, 74, 78, 81, 82, 84, 129, 130, 138, 139, 147, 148, 156, 157, 165, 166, 174, 195, 209, 212, 228, 249, 257, 263, 269, 312, 333, 387, 404, 420, 495, 496, 498, 499, 501], "summary": {"covered_lines": 59, "num_statements": 244, "percent_covered": 19.281045751633986, "percent_covered_display": "19.28", "missing_lines": 185, "excluded_lines": 6, "num_branches": 62, "num_partial_branches": 0, "covered_branches": 0, "missing_branches": 62}, "missing_lines": [51, 60, 63, 66, 69, 72, 75, 94, 95, 96, 97, 98, 100, 101, 102, 103, 106, 109, 110, 112, 113, 114, 116, 117, 119, 120, 122, 123, 124, 136, 145, 154, 163, 172, 180, 181, 182, 183, 196, 197, 199, 200, 202, 203, 205, 207, 210, 213, 216, 221, 223, 224, 225, 226, 236, 237, 242, 244, 245, 246, 247, 258, 264, 270, 271, 273, 274, 275, 276, 277, 278, 279, 280, 281, 286, 287, 288, 290, 291, 292, 293, 295, 296, 297, 298, 300, 301, 302, 303, 313, 314, 315, 316, 317, 318, 319, 320, 321, 322, 323, 324, 325, 326, 331, 334, 335, 336, 337, 338, 339, 340, 341, 342, 343, 344, 345, 346, 347, 348, 349, 350, 351, 352, 353, 355, 357, 358, 359, 360, 365, 366, 367, 368, 369, 370, 371, 372, 373, 374, 375, 376, 377, 378, 382, 388, 389, 390, 391, 392, 399, 417, 418, 428, 429, 430, 433, 434, 435, 436, 440, 441, 443, 444, 445, 446, 447, 449, 452, 453, 455, 457, 458, 459, 460, 461, 462, 463, 468, 471, 472, 478, 485, 486, 488, 489], "excluded_lines": [255, 495, 496, 498, 499, 501], "executed_branches": [], "missing_branches": [[113, 114], [113, 119], [180, -174], [180, 181], [196, 197], [196, 199], [199, 200], [199, 202], [213, 216], [213, 223], [225, -212], [225, 226], [236, 237], [236, 244], [246, -228], [246, 247], [270, 271], [270, 273], [273, 274], [273, 290], [277, 278], [277, 279], [280, 281], [280, 286], [292, 293], [292, 295], [302, -269], [302, 303], [316, 317], [316, 318], [334, 335], [334, 336], [340, 341], [340, 342], [342, 343], [342, 345], [345, 346], [345, 355], [359, 360], [359, 365], [365, 366], [365, 368], [388, 389], [388, 390], [428, 429], [428, 430], [435, 436], [435, 440], [440, 441], [440, 443], [446, 447], [446, 449], [457, 458], [457, 485], [458, 459], [458, 485], [471, 472], [471, 478], [485, 486], [485, 488], [488, -420], [488, 489]], "functions": {"_timestamp": {"executed_lines": [], "summary": {"covered_lines": 0, "num_statements": 1, "percent_covered": 0.0, "percent_covered_display": "0.00", "missing_lines": 1, "excluded_lines": 0, "num_branches": 0, "num_partial_branches": 0, "covered_branches": 0, "missing_branches": 0}, "missing_lines": [51], "excluded_lines": [], "executed_branches": [], "missing_branches": []}, "_NoopFlowController.acquire": {"executed_lines": [], "summary": {"covered_lines": 0, "num_statements": 1, "percent_covered": 0.0, "percent_covered_display": "0.00", "missing_lines": 1, "excluded_lines": 0, "num_branches": 0, "num_partial_branches": 0, "covered_branches": 0, "missing_branches": 0}, "missing_lines": [60], "excluded_lines": [], "executed_branches": [], "missing_branches": []}, "_NoopFlowController.add_credits": {"executed_lines": [], "summary": {"covered_lines": 0, "num_statements": 1, "percent_covered": 0.0, "percent_covered_display": "0.00", "missing_lines": 1, "excluded_lines": 0, "num_branches": 0, "num_partial_branches": 0, "covered_branches": 0, "missing_branches": 0}, "missing_lines": [63], "excluded_lines": [], "executed_branches": [], "missing_branches": []}, "_NoopFlowController.get_credits": {"executed_lines": [], "summary": {"covered_lines": 0, "num_statements": 1, "percent_covered": 0.0, "percent_covered_display": "0.00", "missing_lines": 1, "excluded_lines": 0, "num_branches": 0, "num_partial_branches": 0, "covered_branches": 0, "missing_branches": 0}, "missing_lines": [66], "excluded_lines": [], "executed_branches": [], "missing_branches": []}, "_NoopFlowController.consume": {"executed_lines": [], "summary": {"covered_lines": 0, "num_statements": 1, "percent_covered": 0.0, "percent_covered_display": "0.00", "missing_lines": 1, "excluded_lines": 0, "num_branches": 0, "num_partial_branches": 0, "covered_branches": 0, "missing_branches": 0}, "missing_lines": [69], "excluded_lines": [], "executed_branches": [], "missing_branches": []}, "_NoopFlowController.needs_refill": {"executed_lines": [], "summary": {"covered_lines": 0, "num_statements": 1, "percent_covered": 0.0, "percent_covered_display": "0.00", "missing_lines": 1, "excluded_lines": 0, "num_branches": 0, "num_partial_branches": 0, "covered_branches": 0, "missing_branches": 0}, "missing_lines": [72], "excluded_lines": [], "executed_branches": [], "missing_branches": []}, "_NoopFlowController.next_window": {"executed_lines": [], "summary": {"covered_lines": 0, "num_statements": 1, "percent_covered": 0.0, "percent_covered_display": "0.00", "missing_lines": 1, "excluded_lines": 0, "num_branches": 0, "num_partial_branches": 0, "covered_branches": 0, "missing_branches": 0}, "missing_lines": [75], "excluded_lines": [], "executed_branches": [], "missing_branches": []}, "BaseAsyncConnector.__init__": {"executed_lines": [], "summary": {"covered_lines": 0, "num_statements": 22, "percent_covered": 0.0, "percent_covered_display": "0.00", "missing_lines": 22, "excluded_lines": 0, "num_branches": 2, "num_partial_branches": 0, "covered_branches": 0, "missing_branches": 2}, "missing_lines": [94, 95, 96, 97, 98, 100, 101, 102, 103, 106, 109, 110, 112, 113, 114, 116, 117, 119, 120, 122, 123, 124], "excluded_lines": [], "executed_branches": [], "missing_branches": [[113, 114], [113, 119]]}, "BaseAsyncConnector.state": {"executed_lines": [], "summary": {"covered_lines": 0, "num_statements": 1, "percent_covered": 0.0, "percent_covered_display": "0.00", "missing_lines": 1, "excluded_lines": 0, "num_branches": 0, "num_partial_branches": 0, "covered_branches": 0, "missing_branches": 0}, "missing_lines": [136], "excluded_lines": [], "executed_branches": [], "missing_branches": []}, "BaseAsyncConnector.connector_state": {"executed_lines": [], "summary": {"covered_lines": 0, "num_statements": 1, "percent_covered": 0.0, "percent_covered_display": "0.00", "missing_lines": 1, "excluded_lines": 0, "num_branches": 0, "num_partial_branches": 0, "covered_branches": 0, "missing_branches": 0}, "missing_lines": [145], "excluded_lines": [], "executed_branches": [], "missing_branches": []}, "BaseAsyncConnector.close_code": {"executed_lines": [], "summary": {"covered_lines": 0, "num_statements": 1, "percent_covered": 0.0, "percent_covered_display": "0.00", "missing_lines": 1, "excluded_lines": 0, "num_branches": 0, "num_partial_branches": 0, "covered_branches": 0, "missing_branches": 0}, "missing_lines": [154], "excluded_lines": [], "executed_branches": [], "missing_branches": []}, "BaseAsyncConnector.close_reason": {"executed_lines": [], "summary": {"covered_lines": 0, "num_statements": 1, "percent_covered": 0.0, "percent_covered_display": "0.00", "missing_lines": 1, "excluded_lines": 0, "num_branches": 0, "num_partial_branches": 0, "covered_branches": 0, "missing_branches": 0}, "missing_lines": [163], "excluded_lines": [], "executed_branches": [], "missing_branches": []}, "BaseAsyncConnector.last_error": {"executed_lines": [], "summary": {"covered_lines": 0, "num_statements": 1, "percent_covered": 0.0, "percent_covered_display": "0.00", "missing_lines": 1, "excluded_lines": 0, "num_branches": 0, "num_partial_branches": 0, "covered_branches": 0, "missing_branches": 0}, "missing_lines": [172], "excluded_lines": [], "executed_branches": [], "missing_branches": []}, "BaseAsyncConnector._set_state": {"executed_lines": [], "summary": {"covered_lines": 0, "num_statements": 4, "percent_covered": 0.0, "percent_covered_display": "0.00", "missing_lines": 4, "excluded_lines": 0, "num_branches": 2, "num_partial_branches": 0, "covered_branches": 0, "missing_branches": 2}, "missing_lines": [180, 181, 182, 183], "excluded_lines": [], "executed_branches": [], "missing_branches": [[180, -174], [180, 181]]}, "BaseAsyncConnector.start": {"executed_lines": [], "summary": {"covered_lines": 0, "num_statements": 8, "percent_covered": 0.0, "percent_covered_display": "0.00", "missing_lines": 8, "excluded_lines": 0, "num_branches": 4, "num_partial_branches": 0, "covered_branches": 0, "missing_branches": 4}, "missing_lines": [196, 197, 199, 200, 202, 203, 205, 207], "excluded_lines": [], "executed_branches": [], "missing_branches": [[196, 197], [196, 199], [199, 200], [199, 202]]}, "BaseAsyncConnector.replace_handler": {"executed_lines": [], "summary": {"covered_lines": 0, "num_statements": 1, "percent_covered": 0.0, "percent_covered_display": "0.00", "missing_lines": 1, "excluded_lines": 0, "num_branches": 0, "num_partial_branches": 0, "covered_branches": 0, "missing_branches": 0}, "missing_lines": [210], "excluded_lines": [], "executed_branches": [], "missing_branches": []}, "BaseAsyncConnector.stop": {"executed_lines": [], "summary": {"covered_lines": 0, "num_statements": 7, "percent_covered": 0.0, "percent_covered_display": "0.00", "missing_lines": 7, "excluded_lines": 0, "num_branches": 4, "num_partial_branches": 0, "covered_branches": 0, "missing_branches": 4}, "missing_lines": [213, 216, 221, 223, 224, 225, 226], "excluded_lines": [], "executed_branches": [], "missing_branches": [[213, 216], [213, 223], [225, -212], [225, 226]]}, "BaseAsyncConnector.close": {"executed_lines": [], "summary": {"covered_lines": 0, "num_statements": 7, "percent_covered": 0.0, "percent_covered_display": "0.00", "missing_lines": 7, "excluded_lines": 0, "num_branches": 4, "num_partial_branches": 0, "covered_branches": 0, "missing_branches": 4}, "missing_lines": [236, 237, 242, 244, 245, 246, 247], "excluded_lines": [], "executed_branches": [], "missing_branches": [[236, 237], [236, 244], [246, -228], [246, 247]]}, "BaseAsyncConnector.push_to_receive": {"executed_lines": [], "summary": {"covered_lines": 0, "num_statements": 0, "percent_covered": 100.0, "percent_covered_display": "100.00", "missing_lines": 0, "excluded_lines": 1, "num_branches": 0, "num_partial_branches": 0, "covered_branches": 0, "missing_branches": 0}, "missing_lines": [], "excluded_lines": [255], "executed_branches": [], "missing_branches": []}, "BaseAsyncConnector.wait_until_closed": {"executed_lines": [], "summary": {"covered_lines": 0, "num_statements": 1, "percent_covered": 0.0, "percent_covered_display": "0.00", "missing_lines": 1, "excluded_lines": 0, "num_branches": 0, "num_partial_branches": 0, "covered_branches": 0, "missing_branches": 0}, "missing_lines": [258], "excluded_lines": [], "executed_branches": [], "missing_branches": []}, "BaseAsyncConnector._receive_loop": {"executed_lines": [], "summary": {"covered_lines": 0, "num_statements": 1, "percent_covered": 0.0, "percent_covered_display": "0.00", "missing_lines": 1, "excluded_lines": 0, "num_branches": 0, "num_partial_branches": 0, "covered_branches": 0, "missing_branches": 0}, "missing_lines": [264], "excluded_lines": [], "executed_branches": [], "missing_branches": []}, "BaseAsyncConnector.send": {"executed_lines": [], "summary": {"covered_lines": 0, "num_statements": 26, "percent_covered": 0.0, "percent_covered_display": "0.00", "missing_lines": 26, "excluded_lines": 0, "num_branches": 12, "num_partial_branches": 0, "covered_branches": 0, "missing_branches": 12}, "missing_lines": [270, 271, 273, 274, 275, 276, 277, 278, 279, 280, 281, 286, 287, 288, 290, 291, 292, 293, 295, 296, 297, 298, 300, 301, 302, 303], "excluded_lines": [], "executed_branches": [], "missing_branches": [[270, 271], [270, 273], [273, 274], [273, 290], [277, 278], [277, 279], [280, 281], [280, 286], [292, 293], [292, 295], [302, -269], [302, 303]]}, "BaseAsyncConnector._send_loop": {"executed_lines": [], "summary": {"covered_lines": 0, "num_statements": 15, "percent_covered": 0.0, "percent_covered_display": "0.00", "missing_lines": 15, "excluded_lines": 0, "num_branches": 2, "num_partial_branches": 0, "covered_branches": 0, "missing_branches": 2}, "missing_lines": [313, 314, 315, 316, 317, 318, 319, 320, 321, 322, 323, 324, 325, 326, 331], "excluded_lines": [], "executed_branches": [], "missing_branches": [[316, 317], [316, 318]]}, "BaseAsyncConnector._recv_loop": {"executed_lines": [], "summary": {"covered_lines": 0, "num_statements": 40, "percent_covered": 0.0, "percent_covered_display": "0.00", "missing_lines": 40, "excluded_lines": 0, "num_branches": 12, "num_partial_branches": 0, "covered_branches": 0, "missing_branches": 12}, "missing_lines": [334, 335, 336, 337, 338, 339, 340, 341, 342, 343, 344, 345, 346, 347, 348, 349, 350, 351, 352, 353, 355, 357, 358, 359, 360, 365, 366, 367, 368, 369, 370, 371, 372, 373, 374, 375, 376, 377, 378, 382], "excluded_lines": [], "executed_branches": [], "missing_branches": [[334, 335], [334, 336], [340, 341], [340, 342], [342, 343], [342, 345], [345, 346], [345, 355], [359, 360], [359, 365], [365, 366], [365, 368]]}, "BaseAsyncConnector._maybe_emit_credit": {"executed_lines": [], "summary": {"covered_lines": 0, "num_statements": 6, "percent_covered": 0.0, "percent_covered_display": "0.00", "missing_lines": 6, "excluded_lines": 0, "num_branches": 2, "num_partial_branches": 0, "covered_branches": 0, "missing_branches": 2}, "missing_lines": [388, 389, 390, 391, 392, 399], "excluded_lines": [], "executed_branches": [], "missing_branches": [[388, 389], [388, 390]]}, "BaseAsyncConnector._shutdown_with_error": {"executed_lines": [], "summary": {"covered_lines": 0, "num_statements": 2, "percent_covered": 0.0, "percent_covered_display": "0.00", "missing_lines": 2, "excluded_lines": 0, "num_branches": 0, "num_partial_branches": 0, "covered_branches": 0, "missing_branches": 0}, "missing_lines": [417, 418], "excluded_lines": [], "executed_branches": [], "missing_branches": []}, "BaseAsyncConnector._shutdown": {"executed_lines": [], "summary": {"covered_lines": 0, "num_statements": 33, "percent_covered": 0.0, "percent_covered_display": "0.00", "missing_lines": 33, "excluded_lines": 0, "num_branches": 18, "num_partial_branches": 0, "covered_branches": 0, "missing_branches": 18}, "missing_lines": [428, 429, 430, 433, 434, 435, 436, 440, 441, 443, 444, 445, 446, 447, 449, 452, 453, 455, 457, 458, 459, 460, 461, 462, 463, 468, 471, 472, 478, 485, 486, 488, 489], "excluded_lines": [], "executed_branches": [], "missing_branches": [[428, 429], [428, 430], [435, 436], [435, 440], [440, 441], [440, 443], [446, 447], [446, 449], [457, 458], [457, 485], [458, 459], [458, 485], [471, 472], [471, 478], [485, 486], [485, 488], [488, -420], [488, 489]]}, "BaseAsyncConnector._transport_send_bytes": {"executed_lines": [496], "summary": {"covered_lines": 0, "num_statements": 0, "percent_covered": 100.0, "percent_covered_display": "100.00", "missing_lines": 0, "excluded_lines": 1, "num_branches": 0, "num_partial_branches": 0, "covered_branches": 0, "missing_branches": 0}, "missing_lines": [], "excluded_lines": [496], "executed_branches": [], "missing_branches": []}, "BaseAsyncConnector._transport_receive": {"executed_lines": [499], "summary": {"covered_lines": 0, "num_statements": 0, "percent_covered": 100.0, "percent_covered_display": "100.00", "missing_lines": 0, "excluded_lines": 1, "num_branches": 0, "num_partial_branches": 0, "covered_branches": 0, "missing_branches": 0}, "missing_lines": [], "excluded_lines": [499], "executed_branches": [], "missing_branches": []}, "BaseAsyncConnector._transport_close": {"executed_lines": [501], "summary": {"covered_lines": 0, "num_statements": 0, "percent_covered": 100.0, "percent_covered_display": "100.00", "missing_lines": 0, "excluded_lines": 1, "num_branches": 0, "num_partial_branches": 0, "covered_branches": 0, "missing_branches": 0}, "missing_lines": [], "excluded_lines": [501], "executed_branches": [], "missing_branches": []}, "": {"executed_lines": [1, 7, 9, 10, 11, 12, 13, 14, 15, 17, 19, 31, 32, 33, 34, 35, 36, 37, 39, 41, 42, 44, 46, 47, 50, 54, 55, 57, 59, 62, 65, 68, 71, 74, 78, 81, 82, 84, 129, 130, 138, 139, 147, 148, 156, 157, 165, 166, 174, 195, 209, 212, 228, 249, 257, 263, 269, 312, 333, 387, 404, 420, 495, 498], "summary": {"covered_lines": 59, "num_statements": 59, "percent_covered": 100.0, "percent_covered_display": "100.00", "missing_lines": 0, "excluded_lines": 2, "num_branches": 0, "num_partial_branches": 0, "covered_branches": 0, "missing_branches": 0}, "missing_lines": [], "excluded_lines": [495, 498], "executed_branches": [], "missing_branches": []}}, "classes": {"_NoopFlowController": {"executed_lines": [], "summary": {"covered_lines": 0, "num_statements": 6, "percent_covered": 0.0, "percent_covered_display": "0.00", "missing_lines": 6, "excluded_lines": 0, "num_branches": 0, "num_partial_branches": 0, "covered_branches": 0, "missing_branches": 0}, "missing_lines": [60, 63, 66, 69, 72, 75], "excluded_lines": [], "executed_branches": [], "missing_branches": []}, "BaseAsyncConnector": {"executed_lines": [496, 499, 501], "summary": {"covered_lines": 0, "num_statements": 178, "percent_covered": 0.0, "percent_covered_display": "0.00", "missing_lines": 178, "excluded_lines": 4, "num_branches": 62, "num_partial_branches": 0, "covered_branches": 0, "missing_branches": 62}, "missing_lines": [94, 95, 96, 97, 98, 100, 101, 102, 103, 106, 109, 110, 112, 113, 114, 116, 117, 119, 120, 122, 123, 124, 136, 145, 154, 163, 172, 180, 181, 182, 183, 196, 197, 199, 200, 202, 203, 205, 207, 210, 213, 216, 221, 223, 224, 225, 226, 236, 237, 242, 244, 245, 246, 247, 258, 264, 270, 271, 273, 274, 275, 276, 277, 278, 279, 280, 281, 286, 287, 288, 290, 291, 292, 293, 295, 296, 297, 298, 300, 301, 302, 303, 313, 314, 315, 316, 317, 318, 319, 320, 321, 322, 323, 324, 325, 326, 331, 334, 335, 336, 337, 338, 339, 340, 341, 342, 343, 344, 345, 346, 347, 348, 349, 350, 351, 352, 353, 355, 357, 358, 359, 360, 365, 366, 367, 368, 369, 370, 371, 372, 373, 374, 375, 376, 377, 378, 382, 388, 389, 390, 391, 392, 399, 417, 418, 428, 429, 430, 433, 434, 435, 436, 440, 441, 443, 444, 445, 446, 447, 449, 452, 453, 455, 457, 458, 459, 460, 461, 462, 463, 468, 471, 472, 478, 485, 486, 488, 489], "excluded_lines": [255, 496, 499, 501], "executed_branches": [], "missing_branches": [[113, 114], [113, 119], [180, -174], [180, 181], [196, 197], [196, 199], [199, 200], [199, 202], [213, 216], [213, 223], [225, -212], [225, 226], [236, 237], [236, 244], [246, -228], [246, 247], [270, 271], [270, 273], [273, 274], [273, 290], [277, 278], [277, 279], [280, 281], [280, 286], [292, 293], [292, 295], [302, -269], [302, 303], [316, 317], [316, 318], [334, 335], [334, 336], [340, 341], [340, 342], [342, 343], [342, 345], [345, 346], [345, 355], [359, 360], [359, 365], [365, 366], [365, 368], [388, 389], [388, 390], [428, 429], [428, 430], [435, 436], [435, 440], [440, 441], [440, 443], [446, 447], [446, 449], [457, 458], [457, 485], [458, 459], [458, 485], [471, 472], [471, 478], [485, 486], [485, 488], [488, -420], [488, 489]]}, "": {"executed_lines": [1, 7, 9, 10, 11, 12, 13, 14, 15, 17, 19, 31, 32, 33, 34, 35, 36, 37, 39, 41, 42, 44, 46, 47, 50, 54, 55, 57, 59, 62, 65, 68, 71, 74, 78, 81, 82, 84, 129, 130, 138, 139, 147, 148, 156, 157, 165, 166, 174, 195, 209, 212, 228, 249, 257, 263, 269, 312, 333, 387, 404, 420, 495, 498], "summary": {"covered_lines": 59, "num_statements": 60, "percent_covered": 98.33333333333333, "percent_covered_display": "98.33", "missing_lines": 1, "excluded_lines": 2, "num_branches": 0, "num_partial_branches": 0, "covered_branches": 0, "missing_branches": 0}, "missing_lines": [51], "excluded_lines": [495, 498], "executed_branches": [], "missing_branches": []}}}, "src/naylence/fame/connector/connector_config.py": {"executed_lines": [1, 3, 6, 7, 15, 17], "summary": {"covered_lines": 5, "num_statements": 5, "percent_covered": 100.0, "percent_covered_display": "100.00", "missing_lines": 0, "excluded_lines": 0, "num_branches": 0, "num_partial_branches": 0, "covered_branches": 0, "missing_branches": 0}, "missing_lines": [], "excluded_lines": [], "executed_branches": [], "missing_branches": [], "functions": {"": {"executed_lines": [1, 3, 6, 7, 15, 17], "summary": {"covered_lines": 5, "num_statements": 5, "percent_covered": 100.0, "percent_covered_display": "100.00", "missing_lines": 0, "excluded_lines": 0, "num_branches": 0, "num_partial_branches": 0, "covered_branches": 0, "missing_branches": 0}, "missing_lines": [], "excluded_lines": [], "executed_branches": [], "missing_branches": []}}, "classes": {"ConnectorConfig": {"executed_lines": [], "summary": {"covered_lines": 0, "num_statements": 0, "percent_covered": 100.0, "percent_covered_display": "100.00", "missing_lines": 0, "excluded_lines": 0, "num_branches": 0, "num_partial_branches": 0, "covered_branches": 0, "missing_branches": 0}, "missing_lines": [], "excluded_lines": [], "executed_branches": [], "missing_branches": []}, "": {"executed_lines": [1, 3, 6, 7, 15, 17], "summary": {"covered_lines": 5, "num_statements": 5, "percent_covered": 100.0, "percent_covered_display": "100.00", "missing_lines": 0, "excluded_lines": 0, "num_branches": 0, "num_partial_branches": 0, "covered_branches": 0, "missing_branches": 0}, "missing_lines": [], "excluded_lines": [], "executed_branches": [], "missing_branches": []}}}, "src/naylence/fame/connector/connector_factory.py": {"executed_lines": [1, 3, 4, 6, 7, 8, 14, 16, 19, 21, 24, 25, 32, 33, 34, 43, 44, 45, 54, 55, 56, 74, 75, 76, 94, 95, 119, 120], "summary": {"covered_lines": 13, "num_statements": 54, "percent_covered": 16.25, "percent_covered_display": "16.25", "missing_lines": 41, "excluded_lines": 62, "num_branches": 26, "num_partial_branches": 0, "covered_branches": 0, "missing_branches": 26}, "missing_lines": [96, 97, 98, 99, 101, 102, 103, 104, 105, 106, 107, 110, 111, 112, 114, 115, 117, 141, 142, 145, 147, 148, 150, 152, 153, 154, 156, 157, 158, 160, 161, 162, 165, 171, 172, 173, 174, 176, 178, 179, 181], "excluded_lines": [4, 16, 17, 32, 33, 34, 35, 36, 37, 38, 39, 40, 41, 43, 44, 45, 46, 47, 48, 49, 50, 51, 52, 54, 55, 56, 57, 58, 59, 60, 61, 62, 63, 64, 65, 66, 67, 68, 69, 70, 71, 72, 74, 75, 76, 77, 78, 79, 80, 81, 82, 83, 84, 85, 86, 87, 88, 89, 90, 91, 92, 123], "executed_branches": [], "missing_branches": [[97, 98], [97, 99], [102, 103], [102, 114], [103, 102], [103, 104], [105, 102], [105, 106], [114, 115], [114, 117], [141, 142], [141, 145], [150, 152], [150, 153], [153, 154], [153, 156], [156, 157], [156, 178], [157, 158], [157, 160], [161, 162], [161, 178], [165, 161], [165, 171], [178, 179], [178, 181]], "functions": {"ConnectorFactory.supported_grant_types": {"executed_lines": [], "summary": {"covered_lines": 0, "num_statements": 0, "percent_covered": 100.0, "percent_covered_display": "100.00", "missing_lines": 0, "excluded_lines": 7, "num_branches": 0, "num_partial_branches": 0, "covered_branches": 0, "missing_branches": 0}, "missing_lines": [], "excluded_lines": [35, 36, 37, 38, 39, 40, 41], "executed_branches": [], "missing_branches": []}, "ConnectorFactory.supported_grants": {"executed_lines": [], "summary": {"covered_lines": 0, "num_statements": 0, "percent_covered": 100.0, "percent_covered_display": "100.00", "missing_lines": 0, "excluded_lines": 7, "num_branches": 0, "num_partial_branches": 0, "covered_branches": 0, "missing_branches": 0}, "missing_lines": [], "excluded_lines": [46, 47, 48, 49, 50, 51, 52], "executed_branches": [], "missing_branches": []}, "ConnectorFactory.config_from_grant": {"executed_lines": [], "summary": {"covered_lines": 0, "num_statements": 0, "percent_covered": 100.0, "percent_covered_display": "100.00", "missing_lines": 0, "excluded_lines": 10, "num_branches": 0, "num_partial_branches": 0, "covered_branches": 0, "missing_branches": 0}, "missing_lines": [], "excluded_lines": [63, 64, 65, 66, 67, 68, 69, 70, 71, 72], "executed_branches": [], "missing_branches": []}, "ConnectorFactory.grant_from_config": {"executed_lines": [], "summary": {"covered_lines": 0, "num_statements": 0, "percent_covered": 100.0, "percent_covered_display": "100.00", "missing_lines": 0, "excluded_lines": 10, "num_branches": 0, "num_partial_branches": 0, "covered_branches": 0, "missing_branches": 0}, "missing_lines": [], "excluded_lines": [83, 84, 85, 86, 87, 88, 89, 90, 91, 92], "executed_branches": [], "missing_branches": []}, "ConnectorFactory.evaluate_grant": {"executed_lines": [], "summary": {"covered_lines": 0, "num_statements": 17, "percent_covered": 0.0, "percent_covered_display": "0.00", "missing_lines": 17, "excluded_lines": 0, "num_branches": 10, "num_partial_branches": 0, "covered_branches": 0, "missing_branches": 10}, "missing_lines": [96, 97, 98, 99, 101, 102, 103, 104, 105, 106, 107, 110, 111, 112, 114, 115, 117], "excluded_lines": [], "executed_branches": [], "missing_branches": [[97, 98], [97, 99], [102, 103], [102, 114], [103, 102], [103, 104], [105, 102], [105, 106], [114, 115], [114, 117]]}, "ConnectorFactory.create_connector": {"executed_lines": [], "summary": {"covered_lines": 0, "num_statements": 24, "percent_covered": 0.0, "percent_covered_display": "0.00", "missing_lines": 24, "excluded_lines": 1, "num_branches": 16, "num_partial_branches": 0, "covered_branches": 0, "missing_branches": 16}, "missing_lines": [141, 142, 145, 147, 148, 150, 152, 153, 154, 156, 157, 158, 160, 161, 162, 165, 171, 172, 173, 174, 176, 178, 179, 181], "excluded_lines": [123], "executed_branches": [], "missing_branches": [[141, 142], [141, 145], [150, 152], [150, 153], [153, 154], [153, 156], [156, 157], [156, 178], [157, 158], [157, 160], [161, 162], [161, 178], [165, 161], [165, 171], [178, 179], [178, 181]]}, "": {"executed_lines": [1, 3, 4, 6, 7, 8, 14, 16, 19, 21, 24, 25, 32, 33, 34, 43, 44, 45, 54, 55, 56, 74, 75, 76, 94, 95, 119, 120], "summary": {"covered_lines": 13, "num_statements": 13, "percent_covered": 100.0, "percent_covered_display": "100.00", "missing_lines": 0, "excluded_lines": 27, "num_branches": 0, "num_partial_branches": 0, "covered_branches": 0, "missing_branches": 0}, "missing_lines": [], "excluded_lines": [4, 16, 17, 32, 33, 34, 43, 44, 45, 54, 55, 56, 57, 58, 59, 60, 61, 62, 74, 75, 76, 77, 78, 79, 80, 81, 82], "executed_branches": [], "missing_branches": []}}, "classes": {"ConnectorFactory": {"executed_lines": [], "summary": {"covered_lines": 0, "num_statements": 41, "percent_covered": 0.0, "percent_covered_display": "0.00", "missing_lines": 41, "excluded_lines": 35, "num_branches": 26, "num_partial_branches": 0, "covered_branches": 0, "missing_branches": 26}, "missing_lines": [96, 97, 98, 99, 101, 102, 103, 104, 105, 106, 107, 110, 111, 112, 114, 115, 117, 141, 142, 145, 147, 148, 150, 152, 153, 154, 156, 157, 158, 160, 161, 162, 165, 171, 172, 173, 174, 176, 178, 179, 181], "excluded_lines": [35, 36, 37, 38, 39, 40, 41, 46, 47, 48, 49, 50, 51, 52, 63, 64, 65, 66, 67, 68, 69, 70, 71, 72, 83, 84, 85, 86, 87, 88, 89, 90, 91, 92, 123], "executed_branches": [], "missing_branches": [[97, 98], [97, 99], [102, 103], [102, 114], [103, 102], [103, 104], [105, 102], [105, 106], [114, 115], [114, 117], [141, 142], [141, 145], [150, 152], [150, 153], [153, 154], [153, 156], [156, 157], [156, 178], [157, 158], [157, 160], [161, 162], [161, 178], [165, 161], [165, 171], [178, 179], [178, 181]]}, "": {"executed_lines": [1, 3, 4, 6, 7, 8, 14, 16, 19, 21, 24, 25, 32, 33, 34, 43, 44, 45, 54, 55, 56, 74, 75, 76, 94, 95, 119, 120], "summary": {"covered_lines": 13, "num_statements": 13, "percent_covered": 100.0, "percent_covered_display": "100.00", "missing_lines": 0, "excluded_lines": 27, "num_branches": 0, "num_partial_branches": 0, "covered_branches": 0, "missing_branches": 0}, "missing_lines": [], "excluded_lines": [4, 16, 17, 32, 33, 34, 43, 44, 45, 54, 55, 56, 57, 58, 59, 60, 61, 62, 74, 75, 76, 77, 78, 79, 80, 81, 82], "executed_branches": [], "missing_branches": []}}}, "src/naylence/fame/connector/http_stateless_connector.py": {"executed_lines": [1, 3, 4, 6, 8, 9, 10, 11, 13, 16, 19, 20, 28, 47, 74, 82, 99, 123, 127, 128, 134, 135, 139, 140, 144, 145], "summary": {"covered_lines": 25, "num_statements": 69, "percent_covered": 31.645569620253166, "percent_covered_display": "31.65", "missing_lines": 44, "excluded_lines": 0, "num_branches": 10, "num_partial_branches": 0, "covered_branches": 0, "missing_branches": 10}, "missing_lines": [36, 37, 38, 39, 40, 43, 44, 49, 52, 53, 55, 56, 61, 62, 69, 70, 71, 72, 76, 77, 79, 80, 84, 87, 88, 89, 90, 91, 93, 95, 96, 110, 115, 117, 118, 119, 121, 125, 130, 131, 132, 137, 142, 147], "excluded_lines": [], "executed_branches": [], "missing_branches": [[52, 53], [52, 55], [61, -47], [61, 62], [77, 79], [77, 80], [110, 115], [110, 117], [130, 131], [130, 132]], "functions": {"HttpStatelessConnector.__init__": {"executed_lines": [], "summary": {"covered_lines": 0, "num_statements": 7, "percent_covered": 0.0, "percent_covered_display": "0.00", "missing_lines": 7, "excluded_lines": 0, "num_branches": 0, "num_partial_branches": 0, "covered_branches": 0, "missing_branches": 0}, "missing_lines": [36, 37, 38, 39, 40, 43, 44], "excluded_lines": [], "executed_branches": [], "missing_branches": []}, "HttpStatelessConnector._transport_send_bytes": {"executed_lines": [], "summary": {"covered_lines": 0, "num_statements": 11, "percent_covered": 0.0, "percent_covered_display": "0.00", "missing_lines": 11, "excluded_lines": 0, "num_branches": 4, "num_partial_branches": 0, "covered_branches": 0, "missing_branches": 4}, "missing_lines": [49, 52, 53, 55, 56, 61, 62, 69, 70, 71, 72], "excluded_lines": [], "executed_branches": [], "missing_branches": [[52, 53], [52, 55], [61, -47], [61, 62]]}, "HttpStatelessConnector._transport_receive": {"executed_lines": [], "summary": {"covered_lines": 0, "num_statements": 4, "percent_covered": 0.0, "percent_covered_display": "0.00", "missing_lines": 4, "excluded_lines": 0, "num_branches": 2, "num_partial_branches": 0, "covered_branches": 0, "missing_branches": 2}, "missing_lines": [76, 77, 79, 80], "excluded_lines": [], "executed_branches": [], "missing_branches": [[77, 79], [77, 80]]}, "HttpStatelessConnector._transport_close": {"executed_lines": [], "summary": {"covered_lines": 0, "num_statements": 9, "percent_covered": 0.0, "percent_covered_display": "0.00", "missing_lines": 9, "excluded_lines": 0, "num_branches": 0, "num_partial_branches": 0, "covered_branches": 0, "missing_branches": 0}, "missing_lines": [84, 87, 88, 89, 90, 91, 93, 95, 96], "excluded_lines": [], "executed_branches": [], "missing_branches": []}, "HttpStatelessConnector.push_to_receive": {"executed_lines": [], "summary": {"covered_lines": 0, "num_statements": 6, "percent_covered": 0.0, "percent_covered_display": "0.00", "missing_lines": 6, "excluded_lines": 0, "num_branches": 2, "num_partial_branches": 0, "covered_branches": 0, "missing_branches": 2}, "missing_lines": [110, 115, 117, 118, 119, 121], "excluded_lines": [], "executed_branches": [], "missing_branches": [[110, 115], [110, 117]]}, "HttpStatelessConnector.set_auth_header": {"executed_lines": [], "summary": {"covered_lines": 0, "num_statements": 1, "percent_covered": 0.0, "percent_covered_display": "0.00", "missing_lines": 1, "excluded_lines": 0, "num_branches": 0, "num_partial_branches": 0, "covered_branches": 0, "missing_branches": 0}, "missing_lines": [125], "excluded_lines": [], "executed_branches": [], "missing_branches": []}, "HttpStatelessConnector.remaining_credits": {"executed_lines": [], "summary": {"covered_lines": 0, "num_statements": 3, "percent_covered": 0.0, "percent_covered_display": "0.00", "missing_lines": 3, "excluded_lines": 0, "num_branches": 2, "num_partial_branches": 0, "covered_branches": 0, "missing_branches": 2}, "missing_lines": [130, 131, 132], "excluded_lines": [], "executed_branches": [], "missing_branches": [[130, 131], [130, 132]]}, "HttpStatelessConnector.queue_space": {"executed_lines": [], "summary": {"covered_lines": 0, "num_statements": 1, "percent_covered": 0.0, "percent_covered_display": "0.00", "missing_lines": 1, "excluded_lines": 0, "num_branches": 0, "num_partial_branches": 0, "covered_branches": 0, "missing_branches": 0}, "missing_lines": [137], "excluded_lines": [], "executed_branches": [], "missing_branches": []}, "HttpStatelessConnector.authorization_context": {"executed_lines": [], "summary": {"covered_lines": 0, "num_statements": 1, "percent_covered": 0.0, "percent_covered_display": "0.00", "missing_lines": 1, "excluded_lines": 0, "num_branches": 0, "num_partial_branches": 0, "covered_branches": 0, "missing_branches": 0}, "missing_lines": [147], "excluded_lines": [], "executed_branches": [], "missing_branches": []}, "": {"executed_lines": [1, 3, 4, 6, 8, 9, 10, 11, 13, 16, 19, 20, 28, 47, 74, 82, 99, 123, 127, 128, 134, 135, 139, 140, 144, 145], "summary": {"covered_lines": 25, "num_statements": 25, "percent_covered": 100.0, "percent_covered_display": "100.00", "missing_lines": 0, "excluded_lines": 0, "num_branches": 0, "num_partial_branches": 0, "covered_branches": 0, "missing_branches": 0}, "missing_lines": [], "excluded_lines": [], "executed_branches": [], "missing_branches": []}}, "classes": {"HttpStatelessConnector": {"executed_lines": [], "summary": {"covered_lines": 0, "num_statements": 44, "percent_covered": 0.0, "percent_covered_display": "0.00", "missing_lines": 44, "excluded_lines": 0, "num_branches": 10, "num_partial_branches": 0, "covered_branches": 0, "missing_branches": 10}, "missing_lines": [36, 37, 38, 39, 40, 43, 44, 49, 52, 53, 55, 56, 61, 62, 69, 70, 71, 72, 76, 77, 79, 80, 84, 87, 88, 89, 90, 91, 93, 95, 96, 110, 115, 117, 118, 119, 121, 125, 130, 131, 132, 137, 142, 147], "excluded_lines": [], "executed_branches": [], "missing_branches": [[52, 53], [52, 55], [61, -47], [61, 62], [77, 79], [77, 80], [110, 115], [110, 117], [130, 131], [130, 132]]}, "": {"executed_lines": [1, 3, 4, 6, 8, 9, 10, 11, 13, 16, 19, 20, 28, 47, 74, 82, 99, 123, 127, 128, 134, 135, 139, 140, 144, 145], "summary": {"covered_lines": 25, "num_statements": 25, "percent_covered": 100.0, "percent_covered_display": "100.00", "missing_lines": 0, "excluded_lines": 0, "num_branches": 0, "num_partial_branches": 0, "covered_branches": 0, "missing_branches": 0}, "missing_lines": [], "excluded_lines": [], "executed_branches": [], "missing_branches": []}}}, "src/naylence/fame/connector/http_stateless_connector_factory.py": {"executed_lines": [1, 3, 5, 6, 8, 11, 12, 13, 14, 15, 16, 17, 21, 24, 25, 27, 28, 29, 30, 33, 36, 39, 40, 48, 49, 56, 57, 62, 63, 119, 120, 178], "summary": {"covered_lines": 30, "num_statements": 76, "percent_covered": 27.77777777777778, "percent_covered_display": "27.78", "missing_lines": 46, "excluded_lines": 1, "num_branches": 32, "num_partial_branches": 0, "covered_branches": 0, "missing_branches": 32}, "missing_lines": [51, 58, 83, 84, 85, 90, 93, 94, 95, 97, 99, 103, 104, 111, 139, 142, 143, 144, 149, 154, 155, 156, 158, 164, 171, 185, 186, 188, 190, 191, 194, 196, 198, 199, 204, 205, 206, 208, 209, 211, 213, 216, 222, 223, 224, 226], "excluded_lines": [184], "executed_branches": [], "missing_branches": [[83, 84], [83, 93], [84, 85], [84, 90], [93, 94], [93, 95], [95, 97], [95, 99], [103, 104], [103, 111], [142, 143], [142, 154], [143, 144], [143, 149], [154, 155], [154, 156], [156, 158], [156, 164], [186, 188], [186, 190], [190, 191], [190, 194], [194, 196], [194, 198], [198, 199], [198, 204], [205, 206], [205, 208], [208, 209], [208, 211], [222, 223], [222, 226]], "functions": {"HttpStatelessConnectorFactory.supported_grant_types": {"executed_lines": [], "summary": {"covered_lines": 0, "num_statements": 1, "percent_covered": 0.0, "percent_covered_display": "0.00", "missing_lines": 1, "excluded_lines": 0, "num_branches": 0, "num_partial_branches": 0, "covered_branches": 0, "missing_branches": 0}, "missing_lines": [51], "excluded_lines": [], "executed_branches": [], "missing_branches": []}, "HttpStatelessConnectorFactory.supported_grants": {"executed_lines": [], "summary": {"covered_lines": 0, "num_statements": 1, "percent_covered": 0.0, "percent_covered_display": "0.00", "missing_lines": 1, "excluded_lines": 0, "num_branches": 0, "num_partial_branches": 0, "covered_branches": 0, "missing_branches": 0}, "missing_lines": [58], "excluded_lines": [], "executed_branches": [], "missing_branches": []}, "HttpStatelessConnectorFactory.config_from_grant": {"executed_lines": [], "summary": {"covered_lines": 0, "num_statements": 12, "percent_covered": 0.0, "percent_covered_display": "0.00", "missing_lines": 12, "excluded_lines": 0, "num_branches": 10, "num_partial_branches": 0, "covered_branches": 0, "missing_branches": 10}, "missing_lines": [83, 84, 85, 90, 93, 94, 95, 97, 99, 103, 104, 111], "excluded_lines": [], "executed_branches": [], "missing_branches": [[83, 84], [83, 93], [84, 85], [84, 90], [93, 94], [93, 95], [95, 97], [95, 99], [103, 104], [103, 111]]}, "HttpStatelessConnectorFactory.grant_from_config": {"executed_lines": [], "summary": {"covered_lines": 0, "num_statements": 11, "percent_covered": 0.0, "percent_covered_display": "0.00", "missing_lines": 11, "excluded_lines": 0, "num_branches": 8, "num_partial_branches": 0, "covered_branches": 0, "missing_branches": 8}, "missing_lines": [139, 142, 143, 144, 149, 154, 155, 156, 158, 164, 171], "excluded_lines": [], "executed_branches": [], "missing_branches": [[142, 143], [142, 154], [143, 144], [143, 149], [154, 155], [154, 156], [156, 158], [156, 164]]}, "HttpStatelessConnectorFactory.create": {"executed_lines": [], "summary": {"covered_lines": 0, "num_statements": 21, "percent_covered": 0.0, "percent_covered_display": "0.00", "missing_lines": 21, "excluded_lines": 0, "num_branches": 14, "num_partial_branches": 0, "covered_branches": 0, "missing_branches": 14}, "missing_lines": [185, 186, 188, 190, 191, 194, 196, 198, 199, 204, 205, 206, 208, 209, 211, 213, 216, 222, 223, 224, 226], "excluded_lines": [], "executed_branches": [], "missing_branches": [[186, 188], [186, 190], [190, 191], [190, 194], [194, 196], [194, 198], [198, 199], [198, 204], [205, 206], [205, 208], [208, 209], [208, 211], [222, 223], [222, 226]]}, "": {"executed_lines": [1, 3, 5, 6, 8, 11, 12, 13, 14, 15, 16, 17, 21, 24, 25, 27, 28, 29, 30, 33, 36, 39, 40, 48, 49, 56, 57, 62, 63, 119, 120, 178], "summary": {"covered_lines": 30, "num_statements": 30, "percent_covered": 100.0, "percent_covered_display": "100.00", "missing_lines": 0, "excluded_lines": 1, "num_branches": 0, "num_partial_branches": 0, "covered_branches": 0, "missing_branches": 0}, "missing_lines": [], "excluded_lines": [184], "executed_branches": [], "missing_branches": []}}, "classes": {"HttpStatelessConnectorConfig": {"executed_lines": [], "summary": {"covered_lines": 0, "num_statements": 0, "percent_covered": 100.0, "percent_covered_display": "100.00", "missing_lines": 0, "excluded_lines": 0, "num_branches": 0, "num_partial_branches": 0, "covered_branches": 0, "missing_branches": 0}, "missing_lines": [], "excluded_lines": [], "executed_branches": [], "missing_branches": []}, "HttpStatelessConnectorFactory": {"executed_lines": [], "summary": {"covered_lines": 0, "num_statements": 46, "percent_covered": 0.0, "percent_covered_display": "0.00", "missing_lines": 46, "excluded_lines": 0, "num_branches": 32, "num_partial_branches": 0, "covered_branches": 0, "missing_branches": 32}, "missing_lines": [51, 58, 83, 84, 85, 90, 93, 94, 95, 97, 99, 103, 104, 111, 139, 142, 143, 144, 149, 154, 155, 156, 158, 164, 171, 185, 186, 188, 190, 191, 194, 196, 198, 199, 204, 205, 206, 208, 209, 211, 213, 216, 222, 223, 224, 226], "excluded_lines": [], "executed_branches": [], "missing_branches": [[83, 84], [83, 93], [84, 85], [84, 90], [93, 94], [93, 95], [95, 97], [95, 99], [103, 104], [103, 111], [142, 143], [142, 154], [143, 144], [143, 149], [154, 155], [154, 156], [156, 158], [156, 164], [186, 188], [186, 190], [190, 191], [190, 194], [194, 196], [194, 198], [198, 199], [198, 204], [205, 206], [205, 208], [208, 209], [208, 211], [222, 223], [222, 226]]}, "": {"executed_lines": [1, 3, 5, 6, 8, 11, 12, 13, 14, 15, 16, 17, 21, 24, 25, 27, 28, 29, 30, 33, 36, 39, 40, 48, 49, 56, 57, 62, 63, 119, 120, 178], "summary": {"covered_lines": 30, "num_statements": 30, "percent_covered": 100.0, "percent_covered_display": "100.00", "missing_lines": 0, "excluded_lines": 1, "num_branches": 0, "num_partial_branches": 0, "covered_branches": 0, "missing_branches": 0}, "missing_lines": [], "excluded_lines": [184], "executed_branches": [], "missing_branches": []}}}, "src/naylence/fame/connector/transport_listener.py": {"executed_lines": [1, 3, 4, 6, 10, 11, 18, 19, 23, 24, 28, 39], "summary": {"covered_lines": 5, "num_statements": 7, "percent_covered": 71.42857142857143, "percent_covered_display": "71.43", "missing_lines": 2, "excluded_lines": 11, "num_branches": 0, "num_partial_branches": 0, "covered_branches": 0, "missing_branches": 0}, "missing_lines": [37, 47], "excluded_lines": [4, 6, 7, 18, 19, 20, 21, 23, 24, 25, 26], "executed_branches": [], "missing_branches": [], "functions": {"TransportListener.on_node_started": {"executed_lines": [], "summary": {"covered_lines": 0, "num_statements": 0, "percent_covered": 100.0, "percent_covered_display": "100.00", "missing_lines": 0, "excluded_lines": 2, "num_branches": 0, "num_partial_branches": 0, "covered_branches": 0, "missing_branches": 0}, "missing_lines": [], "excluded_lines": [20, 21], "executed_branches": [], "missing_branches": []}, "TransportListener.on_node_stopped": {"executed_lines": [], "summary": {"covered_lines": 0, "num_statements": 0, "percent_covered": 100.0, "percent_covered_display": "100.00", "missing_lines": 0, "excluded_lines": 2, "num_branches": 0, "num_partial_branches": 0, "covered_branches": 0, "missing_branches": 0}, "missing_lines": [], "excluded_lines": [25, 26], "executed_branches": [], "missing_branches": []}, "TransportListener.get_callback_grant": {"executed_lines": [], "summary": {"covered_lines": 0, "num_statements": 1, "percent_covered": 0.0, "percent_covered_display": "0.00", "missing_lines": 1, "excluded_lines": 0, "num_branches": 0, "num_partial_branches": 0, "covered_branches": 0, "missing_branches": 0}, "missing_lines": [37], "excluded_lines": [], "executed_branches": [], "missing_branches": []}, "TransportListener.as_callback_grant": {"executed_lines": [], "summary": {"covered_lines": 0, "num_statements": 1, "percent_covered": 0.0, "percent_covered_display": "0.00", "missing_lines": 1, "excluded_lines": 0, "num_branches": 0, "num_partial_branches": 0, "covered_branches": 0, "missing_branches": 0}, "missing_lines": [47], "excluded_lines": [], "executed_branches": [], "missing_branches": []}, "": {"executed_lines": [1, 3, 4, 6, 10, 11, 18, 19, 23, 24, 28, 39], "summary": {"covered_lines": 5, "num_statements": 5, "percent_covered": 100.0, "percent_covered_display": "100.00", "missing_lines": 0, "excluded_lines": 7, "num_branches": 0, "num_partial_branches": 0, "covered_branches": 0, "missing_branches": 0}, "missing_lines": [], "excluded_lines": [4, 6, 7, 18, 19, 23, 24], "executed_branches": [], "missing_branches": []}}, "classes": {"TransportListener": {"executed_lines": [], "summary": {"covered_lines": 0, "num_statements": 2, "percent_covered": 0.0, "percent_covered_display": "0.00", "missing_lines": 2, "excluded_lines": 4, "num_branches": 0, "num_partial_branches": 0, "covered_branches": 0, "missing_branches": 0}, "missing_lines": [37, 47], "excluded_lines": [20, 21, 25, 26], "executed_branches": [], "missing_branches": []}, "": {"executed_lines": [1, 3, 4, 6, 10, 11, 18, 19, 23, 24, 28, 39], "summary": {"covered_lines": 5, "num_statements": 5, "percent_covered": 100.0, "percent_covered_display": "100.00", "missing_lines": 0, "excluded_lines": 7, "num_branches": 0, "num_partial_branches": 0, "covered_branches": 0, "missing_branches": 0}, "missing_lines": [], "excluded_lines": [4, 6, 7, 18, 19, 23, 24], "executed_branches": [], "missing_branches": []}}}, "src/naylence/fame/connector/transport_listener_config.py": {"executed_lines": [1, 3, 5, 6, 8, 11, 12, 14, 15, 18, 24], "summary": {"covered_lines": 10, "num_statements": 10, "percent_covered": 100.0, "percent_covered_display": "100.00", "missing_lines": 0, "excluded_lines": 0, "num_branches": 0, "num_partial_branches": 0, "covered_branches": 0, "missing_branches": 0}, "missing_lines": [], "excluded_lines": [], "executed_branches": [], "missing_branches": [], "functions": {"": {"executed_lines": [1, 3, 5, 6, 8, 11, 12, 14, 15, 18, 24], "summary": {"covered_lines": 10, "num_statements": 10, "percent_covered": 100.0, "percent_covered_display": "100.00", "missing_lines": 0, "excluded_lines": 0, "num_branches": 0, "num_partial_branches": 0, "covered_branches": 0, "missing_branches": 0}, "missing_lines": [], "excluded_lines": [], "executed_branches": [], "missing_branches": []}}, "classes": {"TransportListenerConfig": {"executed_lines": [], "summary": {"covered_lines": 0, "num_statements": 0, "percent_covered": 100.0, "percent_covered_display": "100.00", "missing_lines": 0, "excluded_lines": 0, "num_branches": 0, "num_partial_branches": 0, "covered_branches": 0, "missing_branches": 0}, "missing_lines": [], "excluded_lines": [], "executed_branches": [], "missing_branches": []}, "": {"executed_lines": [1, 3, 5, 6, 8, 11, 12, 14, 15, 18, 24], "summary": {"covered_lines": 10, "num_statements": 10, "percent_covered": 100.0, "percent_covered_display": "100.00", "missing_lines": 0, "excluded_lines": 0, "num_branches": 0, "num_partial_branches": 0, "covered_branches": 0, "missing_branches": 0}, "missing_lines": [], "excluded_lines": [], "executed_branches": [], "missing_branches": []}}}, "src/naylence/fame/connector/transport_listener_factory.py": {"executed_lines": [1, 3, 4, 6, 7, 9, 12, 15, 16, 23, 24, 41], "summary": {"covered_lines": 7, "num_statements": 10, "percent_covered": 58.333333333333336, "percent_covered_display": "58.33", "missing_lines": 3, "excluded_lines": 20, "num_branches": 2, "num_partial_branches": 0, "covered_branches": 0, "missing_branches": 2}, "missing_lines": [56, 57, 59], "excluded_lines": [4, 9, 10, 23, 24, 25, 26, 27, 28, 29, 30, 31, 32, 33, 34, 35, 36, 37, 38, 39], "executed_branches": [], "missing_branches": [[56, 57], [56, 59]], "functions": {"TransportListenerFactory.create": {"executed_lines": [], "summary": {"covered_lines": 0, "num_statements": 0, "percent_covered": 100.0, "percent_covered_display": "100.00", "missing_lines": 0, "excluded_lines": 11, "num_branches": 0, "num_partial_branches": 0, "covered_branches": 0, "missing_branches": 0}, "missing_lines": [], "excluded_lines": [29, 30, 31, 32, 33, 34, 35, 36, 37, 38, 39], "executed_branches": [], "missing_branches": []}, "TransportListenerFactory.create_transport_listener": {"executed_lines": [], "summary": {"covered_lines": 0, "num_statements": 3, "percent_covered": 0.0, "percent_covered_display": "0.00", "missing_lines": 3, "excluded_lines": 0, "num_branches": 2, "num_partial_branches": 0, "covered_branches": 0, "missing_branches": 2}, "missing_lines": [56, 57, 59], "excluded_lines": [], "executed_branches": [], "missing_branches": [[56, 57], [56, 59]]}, "": {"executed_lines": [1, 3, 4, 6, 7, 9, 12, 15, 16, 23, 24, 41], "summary": {"covered_lines": 7, "num_statements": 7, "percent_covered": 100.0, "percent_covered_display": "100.00", "missing_lines": 0, "excluded_lines": 9, "num_branches": 0, "num_partial_branches": 0, "covered_branches": 0, "missing_branches": 0}, "missing_lines": [], "excluded_lines": [4, 9, 10, 23, 24, 25, 26, 27, 28], "executed_branches": [], "missing_branches": []}}, "classes": {"TransportListenerFactory": {"executed_lines": [], "summary": {"covered_lines": 0, "num_statements": 3, "percent_covered": 0.0, "percent_covered_display": "0.00", "missing_lines": 3, "excluded_lines": 11, "num_branches": 2, "num_partial_branches": 0, "covered_branches": 0, "missing_branches": 2}, "missing_lines": [56, 57, 59], "excluded_lines": [29, 30, 31, 32, 33, 34, 35, 36, 37, 38, 39], "executed_branches": [], "missing_branches": [[56, 57], [56, 59]]}, "": {"executed_lines": [1, 3, 4, 6, 7, 9, 12, 15, 16, 23, 24, 41], "summary": {"covered_lines": 7, "num_statements": 7, "percent_covered": 100.0, "percent_covered_display": "100.00", "missing_lines": 0, "excluded_lines": 9, "num_branches": 0, "num_partial_branches": 0, "covered_branches": 0, "missing_branches": 0}, "missing_lines": [], "excluded_lines": [4, 9, 10, 23, 24, 25, 26, 27, 28], "executed_branches": [], "missing_branches": []}}}, "src/naylence/fame/connector/websocket_connector.py": {"executed_lines": [1, 3, 4, 6, 8, 9, 10, 11, 16, 17, 18, 19, 26, 32, 35, 36, 46, 63, 72, 223, 235, 236, 240, 241], "summary": {"covered_lines": 17, "num_statements": 114, "percent_covered": 11.333333333333334, "percent_covered_display": "11.33", "missing_lines": 97, "excluded_lines": 9, "num_branches": 36, "num_partial_branches": 0, "covered_branches": 0, "missing_branches": 36}, "missing_lines": [20, 21, 22, 23, 53, 55, 56, 58, 64, 65, 66, 68, 69, 70, 76, 78, 79, 82, 84, 86, 88, 89, 91, 95, 96, 101, 107, 108, 109, 111, 112, 113, 114, 115, 116, 117, 118, 121, 122, 128, 129, 130, 133, 136, 138, 139, 141, 144, 145, 150, 153, 154, 155, 157, 158, 159, 160, 161, 162, 163, 164, 166, 167, 173, 174, 175, 178, 179, 180, 181, 189, 190, 191, 196, 199, 200, 201, 202, 207, 208, 210, 211, 212, 217, 218, 219, 220, 221, 224, 226, 227, 228, 229, 230, 233, 238, 243], "excluded_lines": [4, 16, 17, 18, 19, 26, 27, 28, 29], "executed_branches": [], "missing_branches": [[65, 66], [65, 68], [78, 79], [78, 82], [84, 86], [84, 136], [88, 89], [88, 91], [95, 96], [95, 107], [112, 113], [112, 114], [121, 122], [121, 133], [129, 130], [129, 133], [138, 139], [138, 141], [144, 145], [144, 153], [158, 159], [158, 160], [166, 167], [166, 178], [174, 175], [174, 178], [180, 181], [180, 219], [190, 191], [190, 199], [199, 200], [199, 210], [224, 226], [224, 233], [226, -223], [226, 227]], "functions": {"WebSocketConnector.__init__": {"executed_lines": [], "summary": {"covered_lines": 0, "num_statements": 4, "percent_covered": 0.0, "percent_covered_display": "0.00", "missing_lines": 4, "excluded_lines": 0, "num_branches": 0, "num_partial_branches": 0, "covered_branches": 0, "missing_branches": 0}, "missing_lines": [53, 55, 56, 58], "excluded_lines": [], "executed_branches": [], "missing_branches": []}, "WebSocketConnector._transport_send_bytes": {"executed_lines": [], "summary": {"covered_lines": 0, "num_statements": 6, "percent_covered": 0.0, "percent_covered_display": "0.00", "missing_lines": 6, "excluded_lines": 0, "num_branches": 2, "num_partial_branches": 0, "covered_branches": 0, "missing_branches": 2}, "missing_lines": [64, 65, 66, 68, 69, 70], "excluded_lines": [], "executed_branches": [], "missing_branches": [[65, 66], [65, 68]]}, "WebSocketConnector._transport_receive": {"executed_lines": [], "summary": {"covered_lines": 0, "num_statements": 74, "percent_covered": 0.0, "percent_covered_display": "0.00", "missing_lines": 74, "excluded_lines": 0, "num_branches": 30, "num_partial_branches": 0, "covered_branches": 0, "missing_branches": 30}, "missing_lines": [76, 78, 79, 82, 84, 86, 88, 89, 91, 95, 96, 101, 107, 108, 109, 111, 112, 113, 114, 115, 116, 117, 118, 121, 122, 128, 129, 130, 133, 136, 138, 139, 141, 144, 145, 150, 153, 154, 155, 157, 158, 159, 160, 161, 162, 163, 164, 166, 167, 173, 174, 175, 178, 179, 180, 181, 189, 190, 191, 196, 199, 200, 201, 202, 207, 208, 210, 211, 212, 217, 218, 219, 220, 221], "excluded_lines": [], "executed_branches": [], "missing_branches": [[78, 79], [78, 82], [84, 86], [84, 136], [88, 89], [88, 91], [95, 96], [95, 107], [112, 113], [112, 114], [121, 122], [121, 133], [129, 130], [129, 133], [138, 139], [138, 141], [144, 145], [144, 153], [158, 159], [158, 160], [166, 167], [166, 178], [174, 175], [174, 178], [180, 181], [180, 219], [190, 191], [190, 199], [199, 200], [199, 210]]}, "WebSocketConnector._transport_close": {"executed_lines": [], "summary": {"covered_lines": 0, "num_statements": 7, "percent_covered": 0.0, "percent_covered_display": "0.00", "missing_lines": 7, "excluded_lines": 0, "num_branches": 4, "num_partial_branches": 0, "covered_branches": 0, "missing_branches": 4}, "missing_lines": [224, 226, 227, 228, 229, 230, 233], "excluded_lines": [], "executed_branches": [], "missing_branches": [[224, 226], [224, 233], [226, -223], [226, 227]]}, "WebSocketConnector.authorization_context": {"executed_lines": [], "summary": {"covered_lines": 0, "num_statements": 1, "percent_covered": 0.0, "percent_covered_display": "0.00", "missing_lines": 1, "excluded_lines": 0, "num_branches": 0, "num_partial_branches": 0, "covered_branches": 0, "missing_branches": 0}, "missing_lines": [243], "excluded_lines": [], "executed_branches": [], "missing_branches": []}, "": {"executed_lines": [1, 3, 4, 6, 8, 9, 10, 11, 16, 17, 18, 19, 26, 32, 35, 36, 46, 63, 72, 223, 235, 236, 240, 241], "summary": {"covered_lines": 17, "num_statements": 21, "percent_covered": 80.95238095238095, "percent_covered_display": "80.95", "missing_lines": 4, "excluded_lines": 9, "num_branches": 0, "num_partial_branches": 0, "covered_branches": 0, "missing_branches": 0}, "missing_lines": [20, 21, 22, 23], "excluded_lines": [4, 16, 17, 18, 19, 26, 27, 28, 29], "executed_branches": [], "missing_branches": []}}, "classes": {"WebSocketConnector": {"executed_lines": [], "summary": {"covered_lines": 0, "num_statements": 93, "percent_covered": 0.0, "percent_covered_display": "0.00", "missing_lines": 93, "excluded_lines": 0, "num_branches": 36, "num_partial_branches": 0, "covered_branches": 0, "missing_branches": 36}, "missing_lines": [53, 55, 56, 58, 64, 65, 66, 68, 69, 70, 76, 78, 79, 82, 84, 86, 88, 89, 91, 95, 96, 101, 107, 108, 109, 111, 112, 113, 114, 115, 116, 117, 118, 121, 122, 128, 129, 130, 133, 136, 138, 139, 141, 144, 145, 150, 153, 154, 155, 157, 158, 159, 160, 161, 162, 163, 164, 166, 167, 173, 174, 175, 178, 179, 180, 181, 189, 190, 191, 196, 199, 200, 201, 202, 207, 208, 210, 211, 212, 217, 218, 219, 220, 221, 224, 226, 227, 228, 229, 230, 233, 238, 243], "excluded_lines": [], "executed_branches": [], "missing_branches": [[65, 66], [65, 68], [78, 79], [78, 82], [84, 86], [84, 136], [88, 89], [88, 91], [95, 96], [95, 107], [112, 113], [112, 114], [121, 122], [121, 133], [129, 130], [129, 133], [138, 139], [138, 141], [144, 145], [144, 153], [158, 159], [158, 160], [166, 167], [166, 178], [174, 175], [174, 178], [180, 181], [180, 219], [190, 191], [190, 199], [199, 200], [199, 210], [224, 226], [224, 233], [226, -223], [226, 227]]}, "": {"executed_lines": [1, 3, 4, 6, 8, 9, 10, 11, 16, 17, 18, 19, 26, 32, 35, 36, 46, 63, 72, 223, 235, 236, 240, 241], "summary": {"covered_lines": 17, "num_statements": 21, "percent_covered": 80.95238095238095, "percent_covered_display": "80.95", "missing_lines": 4, "excluded_lines": 9, "num_branches": 0, "num_partial_branches": 0, "covered_branches": 0, "missing_branches": 0}, "missing_lines": [20, 21, 22, 23], "excluded_lines": [4, 16, 17, 18, 19, 26, 27, 28, 29], "executed_branches": [], "missing_branches": []}}}, "src/naylence/fame/connector/websocket_connector_factory.py": {"executed_lines": [1, 3, 4, 5, 6, 8, 10, 11, 12, 13, 14, 15, 16, 17, 21, 22, 24, 27, 30, 31, 33, 35, 39, 42, 43, 51, 54, 55, 59, 60, 65, 66, 122, 123, 179, 243, 250, 272], "summary": {"covered_lines": 33, "num_statements": 117, "percent_covered": 20.496894409937887, "percent_covered_display": "20.50", "missing_lines": 84, "excluded_lines": 6, "num_branches": 44, "num_partial_branches": 0, "covered_branches": 0, "missing_branches": 44}, "missing_lines": [57, 61, 85, 88, 89, 90, 95, 96, 97, 98, 100, 106, 110, 111, 118, 142, 145, 146, 147, 152, 157, 158, 159, 161, 167, 172, 186, 187, 190, 192, 195, 196, 197, 199, 201, 202, 203, 204, 206, 207, 210, 212, 216, 217, 218, 219, 221, 222, 223, 226, 227, 228, 230, 231, 236, 238, 239, 241, 244, 245, 246, 247, 248, 255, 256, 257, 259, 260, 261, 263, 264, 265, 266, 267, 268, 269, 270, 284, 285, 287, 290, 292, 301, 302], "excluded_lines": [5, 24, 25, 51, 52, 233], "executed_branches": [], "missing_branches": [[88, 89], [88, 96], [89, 90], [89, 95], [96, 97], [96, 98], [98, 100], [98, 106], [110, 111], [110, 118], [145, 146], [145, 157], [146, 147], [146, 152], [157, 158], [157, 159], [159, 161], [159, 167], [186, 187], [186, 190], [190, 192], [190, 195], [196, 197], [196, 199], [203, 204], [203, 206], [210, 212], [210, 226], [212, 216], [212, 219], [217, 218], [217, 226], [219, 221], [219, 226], [222, 223], [222, 226], [227, 228], [227, 230], [238, 239], [238, 241], [256, 257], [256, 259], [260, 261], [260, 263]], "functions": {"WebSocketConnectorFactory.__init__": {"executed_lines": [], "summary": {"covered_lines": 0, "num_statements": 0, "percent_covered": 100.0, "percent_covered_display": "100.00", "missing_lines": 0, "excluded_lines": 1, "num_branches": 0, "num_partial_branches": 0, "covered_branches": 0, "missing_branches": 0}, "missing_lines": [], "excluded_lines": [52], "executed_branches": [], "missing_branches": []}, "WebSocketConnectorFactory.supported_grant_types": {"executed_lines": [], "summary": {"covered_lines": 0, "num_statements": 1, "percent_covered": 0.0, "percent_covered_display": "0.00", "missing_lines": 1, "excluded_lines": 0, "num_branches": 0, "num_partial_branches": 0, "covered_branches": 0, "missing_branches": 0}, "missing_lines": [57], "excluded_lines": [], "executed_branches": [], "missing_branches": []}, "WebSocketConnectorFactory.supported_grants": {"executed_lines": [], "summary": {"covered_lines": 0, "num_statements": 1, "percent_covered": 0.0, "percent_covered_display": "0.00", "missing_lines": 1, "excluded_lines": 0, "num_branches": 0, "num_partial_branches": 0, "covered_branches": 0, "missing_branches": 0}, "missing_lines": [61], "excluded_lines": [], "executed_branches": [], "missing_branches": []}, "WebSocketConnectorFactory.config_from_grant": {"executed_lines": [], "summary": {"covered_lines": 0, "num_statements": 13, "percent_covered": 0.0, "percent_covered_display": "0.00", "missing_lines": 13, "excluded_lines": 0, "num_branches": 10, "num_partial_branches": 0, "covered_branches": 0, "missing_branches": 10}, "missing_lines": [85, 88, 89, 90, 95, 96, 97, 98, 100, 106, 110, 111, 118], "excluded_lines": [], "executed_branches": [], "missing_branches": [[88, 89], [88, 96], [89, 90], [89, 95], [96, 97], [96, 98], [98, 100], [98, 106], [110, 111], [110, 118]]}, "WebSocketConnectorFactory.grant_from_config": {"executed_lines": [], "summary": {"covered_lines": 0, "num_statements": 11, "percent_covered": 0.0, "percent_covered_display": "0.00", "missing_lines": 11, "excluded_lines": 0, "num_branches": 8, "num_partial_branches": 0, "covered_branches": 0, "missing_branches": 8}, "missing_lines": [142, 145, 146, 147, 152, 157, 158, 159, 161, 167, 172], "excluded_lines": [], "executed_branches": [], "missing_branches": [[145, 146], [145, 157], [146, 147], [146, 152], [157, 158], [157, 159], [159, 161], [159, 167]]}, "WebSocketConnectorFactory.create": {"executed_lines": [], "summary": {"covered_lines": 0, "num_statements": 32, "percent_covered": 0.0, "percent_covered_display": "0.00", "missing_lines": 32, "excluded_lines": 1, "num_branches": 22, "num_partial_branches": 0, "covered_branches": 0, "missing_branches": 22}, "missing_lines": [186, 187, 190, 192, 195, 196, 197, 199, 201, 202, 203, 204, 206, 207, 210, 212, 216, 217, 218, 219, 221, 222, 223, 226, 227, 228, 230, 231, 236, 238, 239, 241], "excluded_lines": [233], "executed_branches": [], "missing_branches": [[186, 187], [186, 190], [190, 192], [190, 195], [196, 197], [196, 199], [203, 204], [203, 206], [210, 212], [210, 226], [212, 216], [212, 219], [217, 218], [217, 226], [219, 221], [219, 226], [222, 223], [222, 226], [227, 228], [227, 230], [238, 239], [238, 241]]}, "WebSocketConnectorFactory._append_query_param": {"executed_lines": [], "summary": {"covered_lines": 0, "num_statements": 5, "percent_covered": 0.0, "percent_covered_display": "0.00", "missing_lines": 5, "excluded_lines": 0, "num_branches": 0, "num_partial_branches": 0, "covered_branches": 0, "missing_branches": 0}, "missing_lines": [244, 245, 246, 247, 248], "excluded_lines": [], "executed_branches": [], "missing_branches": []}, "WebSocketConnectorFactory._create_ssl_context": {"executed_lines": [], "summary": {"covered_lines": 0, "num_statements": 14, "percent_covered": 0.0, "percent_covered_display": "0.00", "missing_lines": 14, "excluded_lines": 0, "num_branches": 4, "num_partial_branches": 0, "covered_branches": 0, "missing_branches": 4}, "missing_lines": [255, 256, 257, 259, 260, 261, 263, 264, 265, 266, 267, 268, 269, 270], "excluded_lines": [], "executed_branches": [], "missing_branches": [[256, 257], [256, 259], [260, 261], [260, 263]]}, "WebSocketConnectorFactory._default_websocket_client": {"executed_lines": [], "summary": {"covered_lines": 0, "num_statements": 7, "percent_covered": 0.0, "percent_covered_display": "0.00", "missing_lines": 7, "excluded_lines": 0, "num_branches": 0, "num_partial_branches": 0, "covered_branches": 0, "missing_branches": 0}, "missing_lines": [284, 285, 287, 290, 292, 301, 302], "excluded_lines": [], "executed_branches": [], "missing_branches": []}, "": {"executed_lines": [1, 3, 4, 5, 6, 8, 10, 11, 12, 13, 14, 15, 16, 17, 21, 22, 24, 27, 30, 31, 33, 35, 39, 42, 43, 51, 54, 55, 59, 60, 65, 66, 122, 123, 179, 243, 250, 272], "summary": {"covered_lines": 33, "num_statements": 33, "percent_covered": 100.0, "percent_covered_display": "100.00", "missing_lines": 0, "excluded_lines": 4, "num_branches": 0, "num_partial_branches": 0, "covered_branches": 0, "missing_branches": 0}, "missing_lines": [], "excluded_lines": [5, 24, 25, 51], "executed_branches": [], "missing_branches": []}}, "classes": {"WebSocketConnectorConfig": {"executed_lines": [], "summary": {"covered_lines": 0, "num_statements": 0, "percent_covered": 100.0, "percent_covered_display": "100.00", "missing_lines": 0, "excluded_lines": 0, "num_branches": 
[...]
"excluded_lines": [6, 7, 8, 9, 10, 11, 13, 15], "executed_branches": [], "missing_branches": []}}, "classes": {"MetricsEmitter": {"executed_lines": [12, 14, 16], "summary": {"covered_lines": 0, "num_statements": 0, "percent_covered": 100.0, "percent_covered_display": "100.00", "missing_lines": 0, "excluded_lines": 3, "num_branches": 0, "num_partial_branches": 0, "covered_branches": 0, "missing_branches": 0}, "missing_lines": [], "excluded_lines": [12, 14, 16], "executed_branches": [], "missing_branches": []}, "NoOpMetricsEmitter": {"executed_lines": [], "summary": {"covered_lines": 0, "num_statements": 3, "percent_covered": 0.0, "percent_covered_display": "0.00", "missing_lines": 3, "excluded_lines": 0, "num_branches": 0, "num_partial_branches": 0, "covered_branches": 0, "missing_branches": 0}, "missing_lines": [25, 28, 31], "excluded_lines": [], "executed_branches": [], "missing_branches": []}, "": {"executed_lines": [1, 3, 6, 7, 19, 20, 24, 27, 30], "summary": {"covered_lines": 6, "num_statements": 6, "percent_covered": 100.0, "percent_covered_display": "100.00", "missing_lines": 0, "excluded_lines": 8, "num_branches": 0, "num_partial_branches": 0, "covered_branches": 0, "missing_branches": 0}, "missing_lines": [], "excluded_lines": [6, 7, 8, 9, 10, 11, 13, 15], "executed_branches": [], "missing_branches": []}}}, "src/naylence/fame/util/task_spawner.py": {"executed_lines": [1, 3, 4, 5, 7, 9, 12, 13, 15, 16, 18, 19, 21, 24, 25, 27, 28, 31, 103, 104, 106, 153, 154], "summary": {"covered_lines": 23, "num_statements": 66, "percent_covered": 25.555555555555557, "percent_covered_display": "25.56", "missing_lines": 43, "excluded_lines": 0, "num_branches": 24, "num_partial_branches": 0, "covered_branches": 0, "missing_branches": 24}, "missing_lines": [32, 35, 36, 39, 40, 41, 42, 43, 44, 47, 55, 56, 61, 64, 66, 68, 73, 80, 83, 89, 90, 91, 94, 100, 101, 120, 121, 124, 127, 128, 129, 130, 131, 132, 133, 134, 135, 137, 142, 143, 149, 150, 155], "excluded_lines": [], "executed_branches": [], "missing_branches": [[35, 36], [35, 39], [43, 44], [43, 47], [55, 56], [55, 64], [66, 68], [66, 94], [68, 73], [68, 83], [89, 90], [89, 91], [100, -31], [100, 101], [120, 121], [120, 124], [127, -106], [127, 128], [128, 129], [128, 130], [130, -106], [130, 131], [149, 130], [149, 150]], "functions": {"TaskSpawner.__init__": {"executed_lines": [15, 16], "summary": {"covered_lines": 2, "num_statements": 2, "percent_covered": 100.0, "percent_covered_display": "100.00", "missing_lines": 0, "excluded_lines": 0, "num_branches": 0, "num_partial_branches": 0, "covered_branches": 0, "missing_branches": 0}, "missing_lines": [], "excluded_lines": [], "executed_branches": [], "missing_branches": []}, "TaskSpawner.spawn": {"executed_lines": [19, 21, 24, 27, 28, 31, 103, 104], "summary": {"covered_lines": 8, "num_statements": 8, "percent_covered": 100.0, "percent_covered_display": "100.00", "missing_lines": 0, "excluded_lines": 0, "num_branches": 0, "num_partial_branches": 0, "covered_branches": 0, "missing_branches": 0}, "missing_lines": [], "excluded_lines": [], "executed_branches": [], "missing_branches": []}, "TaskSpawner.spawn._make_task": {"executed_lines": [25], "summary": {"covered_lines": 1, "num_statements": 1, "percent_covered": 100.0, "percent_covered_display": "100.00", "missing_lines": 0, "excluded_lines": 0, "num_branches": 0, "num_partial_branches": 0, "covered_branches": 0, "missing_branches": 0}, "missing_lines": [], "excluded_lines": [], "executed_branches": [], "missing_branches": []}, "TaskSpawner.spawn._on_done": {"executed_lines": [], "summary": {"covered_lines": 0, "num_statements": 25, "percent_covered": 0.0, "percent_covered_display": "0.00", "missing_lines": 25, "excluded_lines": 0, "num_branches": 14, "num_partial_branches": 0, "covered_branches": 0, "missing_branches": 14}, "missing_lines": [32, 35, 36, 39, 40, 41, 42, 43, 44, 47, 55, 56, 61, 64, 66, 68, 73, 80, 83, 89, 90, 91, 94, 100, 101], "excluded_lines": [], "executed_branches": [], "missing_branches": [[35, 36], [35, 39], [43, 44], [43, 47], [55, 56], [55, 64], [66, 68], [66, 94], [68, 73], [68, 83], [89, 90], [89, 91], [100, -31], [100, 101]]}, "TaskSpawner.shutdown_tasks": {"executed_lines": [], "summary": {"covered_lines": 0, "num_statements": 17, "percent_covered": 0.0, "percent_covered_display": "0.00", "missing_lines": 17, "excluded_lines": 0, "num_branches": 10, "num_partial_branches": 0, "covered_branches": 0, "missing_branches": 10}, "missing_lines": [120, 121, 124, 127, 128, 129, 130, 131, 132, 133, 134, 135, 137, 142, 143, 149, 150], "excluded_lines": [], "executed_branches": [], "missing_branches": [[120, 121], [120, 124], [127, -106], [127, 128], [128, 129], [128, 130], [130, -106], [130, 131], [149, 130], [149, 150]]}, "TaskSpawner.last_spawner_error": {"executed_lines": [], "summary": {"covered_lines": 0, "num_statements": 1, "percent_covered": 0.0, "percent_covered_display": "0.00", "missing_lines": 1, "excluded_lines": 0, "num_branches": 0, "num_partial_branches": 0, "covered_branches": 0, "missing_branches": 0}, "missing_lines": [155], "excluded_lines": [], "executed_branches": [], "missing_branches": []}, "": {"executed_lines": [1, 3, 4, 5, 7, 9, 12, 13, 18, 106, 153, 154], "summary": {"covered_lines": 12, "num_statements": 12, "percent_covered": 100.0, "percent_covered_display": "100.00", "missing_lines": 0, "excluded_lines": 0, "num_branches": 0, "num_partial_branches": 0, "covered_branches": 0, "missing_branches": 0}, "missing_lines": [], "excluded_lines": [], "executed_branches": [], "missing_branches": []}}, "classes": {"TaskSpawner": {"executed_lines": [15, 16, 19, 21, 24, 25, 27, 28, 31, 103, 104], "summary": {"covered_lines": 11, "num_statements": 54, "percent_covered": 14.102564102564102, "percent_covered_display": "14.10", "missing_lines": 43, "excluded_lines": 0, "num_branches": 24, "num_partial_branches": 0, "covered_branches": 0, "missing_branches": 24}, "missing_lines": [32, 35, 36, 39, 40, 41, 42, 43, 44, 47, 55, 56, 61, 64, 66, 68, 73, 80, 83, 89, 90, 91, 94, 100, 101, 120, 121, 124, 127, 128, 129, 130, 131, 132, 133, 134, 135, 137, 142, 143, 149, 150, 155], "excluded_lines": [], "executed_branches": [], "missing_branches": [[35, 36], [35, 39], [43, 44], [43, 47], [55, 56], [55, 64], [66, 68], [66, 94], [68, 73], [68, 83], [89, 90], [89, 91], [100, -31], [100, 101], [120, 121], [120, 124], [127, -106], [127, 128], [128, 129], [128, 130], [130, -106], [130, 131], [149, 130], [149, 150]]}, "": {"executed_lines": [1, 3, 4, 5, 7, 9, 12, 13, 18, 106, 153, 154], "summary": {"covered_lines": 12, "num_statements": 12, "percent_covered": 100.0, "percent_covered_display": "100.00", "missing_lines": 0, "excluded_lines": 0, "num_branches": 0, "num_partial_branches": 0, "covered_branches": 0, "missing_branches": 0}, "missing_lines": [], "excluded_lines": [], "executed_branches": [], "missing_branches": []}}}, "src/naylence/fame/util/ttl_validation.py": {"executed_lines": [1, 8, 10, 17, 18, 20, 23, 75, 88, 101, 114, 127], "summary": {"covered_lines": 9, "num_statements": 27, "percent_covered": 23.076923076923077, "percent_covered_display": "23.08", "missing_lines": 18, "excluded_lines": 1, "num_branches": 12, "num_partial_branches": 0, "covered_branches": 0, "missing_branches": 12}, "missing_lines": [46, 47, 50, 51, 52, 54, 57, 58, 61, 62, 67, 68, 72, 79, 92, 105, 118, 131], "excluded_lines": [20], "executed_branches": [], "missing_branches": [[46, 47], [46, 50], [50, 51], [50, 57], [51, 52], [51, 54], [57, 58], [57, 61], [61, 62], [61, 67], [67, 68], [67, 72]], "functions": {"validate_ttl_sec": {"executed_lines": [], "summary": {"covered_lines": 0, "num_statements": 13, "percent_covered": 0.0, "percent_covered_display": "0.00", "missing_lines": 13, "excluded_lines": 0, "num_branches": 12, "num_partial_branches": 0, "covered_branches": 0, "missing_branches": 12}, "missing_lines": [46, 47, 50, 51, 52, 54, 57, 58, 61, 62, 67, 68, 72], "excluded_lines": [], "executed_branches": [], "missing_branches": [[46, 47], [46, 50], [50, 51], [50, 57], [51, 52], [51, 54], [57, 58], [57, 61], [61, 62], [61, 67], [67, 68], [67, 72]]}, "validate_node_attach_ttl_sec": {"executed_lines": [], "summary": {"covered_lines": 0, "num_statements": 1, "percent_covered": 0.0, "percent_covered_display": "0.00", "missing_lines": 1, "excluded_lines": 0, "num_branches": 0, "num_partial_branches": 0, "covered_branches": 0, "missing_branches": 0}, "missing_lines": [79], "excluded_lines": [], "executed_branches": [], "missing_branches": []}, "validate_oauth2_ttl_sec": {"executed_lines": [], "summary": {"covered_lines": 0, "num_statements": 1, "percent_covered": 0.0, "percent_covered_display": "0.00", "missing_lines": 1, "excluded_lines": 0, "num_branches": 0, "num_partial_branches": 0, "covered_branches": 0, "missing_branches": 0}, "missing_lines": [92], "excluded_lines": [], "executed_branches": [], "missing_branches": []}, "validate_jwt_token_ttl_sec": {"executed_lines": [], "summary": {"covered_lines": 0, "num_statements": 1, "percent_covered": 0.0, "percent_covered_display": "0.00", "missing_lines": 1, "excluded_lines": 0, "num_branches": 0, "num_partial_branches": 0, "covered_branches": 0, "missing_branches": 0}, "missing_lines": [105], "excluded_lines": [], "executed_branches": [], "missing_branches": []}, "validate_cache_ttl_sec": {"executed_lines": [], "summary": {"covered_lines": 0, "num_statements": 1, "percent_covered": 0.0, "percent_covered_display": "0.00", "missing_lines": 1, "excluded_lines": 0, "num_branches": 0, "num_partial_branches": 0, "covered_branches": 0, "missing_branches": 0}, "missing_lines": [118], "excluded_lines": [], "executed_branches": [], "missing_branches": []}, "validate_key_correlation_ttl_sec": {"executed_lines": [], "summary": {"covered_lines": 0, "num_statements": 1, "percent_covered": 0.0, "percent_covered_display": "0.00", "missing_lines": 1, "excluded_lines": 0, "num_branches": 0, "num_partial_branches": 0, "covered_branches": 0, "missing_branches": 0}, "missing_lines": [131], "excluded_lines": [], "executed_branches": [], "missing_branches": []}, "": {"executed_lines": [1, 8, 10, 17, 18, 20, 23, 75, 88, 101, 114, 127], "summary": {"covered_lines": 9, "num_statements": 9, "percent_covered": 100.0, "percent_covered_display": "100.00", "missing_lines": 0, "excluded_lines": 1, "num_branches": 0, "num_partial_branches": 0, "covered_branches": 0, "missing_branches": 0}, "missing_lines": [], "excluded_lines": [20], "executed_branches": [], "missing_branches": []}}, "classes": {"TTLValidationError": {"executed_lines": [], "summary": {"covered_lines": 0, "num_statements": 0, "percent_covered": 100.0, "percent_covered_display": "100.00", "missing_lines": 0, "excluded_lines": 0, "num_branches": 0, "num_partial_branches": 0, "covered_branches": 0, "missing_branches": 0}, "missing_lines": [], "excluded_lines": [], "executed_branches": [], "missing_branches": []}, "": {"executed_lines": [1, 8, 10, 17, 18, 20, 23, 75, 88, 101, 114, 127], "summary": {"covered_lines": 9, "num_statements": 27, "percent_covered": 23.076923076923077, "percent_covered_display": "23.08", "missing_lines": 18, "excluded_lines": 1, "num_branches": 12, "num_partial_branches": 0, "covered_branches": 0, "missing_branches": 12}, "missing_lines": [46, 47, 50, 51, 52, 54, 57, 58, 61, 62, 67, 68, 72, 79, 92, 105, 118, 131], "excluded_lines": [20], "executed_branches": [], "missing_branches": [[46, 47], [46, 50], [50, 51], [50, 57], [51, 52], [51, 54], [57, 58], [57, 61], [61, 62], [61, 67], [67, 68], [67, 72]]}}}, "src/naylence/fame/util/util.py": {"executed_lines": [1, 3, 4, 5, 6, 7, 8, 9, 10, 11, 13, 15, 16, 19, 25, 31, 35, 41, 47, 53, 58, 65, 69, 70, 79, 82, 92, 109, 113, 124], "summary": {"covered_lines": 30, "num_statements": 70, "percent_covered": 35.714285714285715, "percent_covered_display": "35.71", "missing_lines": 40, "excluded_lines": 0, "num_branches": 14, "num_partial_branches": 0, "covered_branches": 0, "missing_branches": 14}, "missing_lines": [20, 21, 22, 26, 27, 28, 32, 37, 38, 42, 43, 44, 48, 49, 50, 54, 55, 59, 60, 61, 62, 66, 75, 83, 84, 85, 86, 87, 88, 89, 99, 101, 102, 104, 106, 110, 118, 127, 129, 130], "excluded_lines": [], "executed_branches": [], "missing_branches": [[20, 21], [20, 22], [26, 27], [26, 28], [42, 43], [42, 44], [48, 49], [48, 50], [59, 60], [59, 62], [83, 84], [83, 85], [86, 87], [86, 89]], "functions": {"default_json_encoder": {"executed_lines": [], "summary": {"covered_lines": 0, "num_statements": 3, "percent_covered": 0.0, "percent_covered_display": "0.00", "missing_lines": 3, "excluded_lines": 0, "num_branches": 2, "num_partial_branches": 0, "covered_branches": 0, "missing_branches": 2}, "missing_lines": [20, 21, 22], "excluded_lines": [], "executed_branches": [], "missing_branches": [[20, 21], [20, 22]]}, "capitalize_first_letter": {"executed_lines": [], "summary": {"covered_lines": 0, "num_statements": 3, "percent_covered": 0.0, "percent_covered_display": "0.00", "missing_lines": 3, "excluded_lines": 0, "num_branches": 2, "num_partial_branches": 0, "covered_branches": 0, "missing_branches": 2}, "missing_lines": [26, 27, 28], "excluded_lines": [], "executed_branches": [], "missing_branches": [[26, 27], [26, 28]]}, "json_dumps": {"executed_lines": [], "summary": {"covered_lines": 0, "num_statements": 1, "percent_covered": 0.0, "percent_covered_display": "0.00", "missing_lines": 1, "excluded_lines": 0, "num_branches": 0, "num_partial_branches": 0, "covered_branches": 0, "missing_branches": 0}, "missing_lines": [32], "excluded_lines": [], "executed_branches": [], "missing_branches": []}, "pretty_model": {"executed_lines": [], "summary": {"covered_lines": 0, "num_statements": 2, "percent_covered": 0.0, "percent_covered_display": "0.00", "missing_lines": 2, "excluded_lines": 0, "num_branches": 0, "num_partial_branches": 0, "covered_branches": 0, "missing_branches": 0}, "missing_lines": [37, 38], "excluded_lines": [], "executed_branches": [], "missing_branches": []}, "extract_id": {"executed_lines": [], "summary": {"covered_lines": 0, "num_statements": 3, "percent_covered": 0.0, "percent_covered_display": "0.00", "missing_lines": 3, "excluded_lines": 0, "num_branches": 2, "num_partial_branches": 0, "covered_branches": 0, "missing_branches": 2}, "missing_lines": [42, 43, 44], "excluded_lines": [], "executed_branches": [], "missing_branches": [[42, 43], [42, 44]]}, "maybe_await": {"executed_lines": [], "summary": {"covered_lines": 0, "num_statements": 3, "percent_covered": 0.0, "percent_covered_display": "0.00", "missing_lines": 3, "excluded_lines": 0, "num_branches": 2, "num_partial_branches": 0, "covered_branches": 0, "missing_branches": 2}, "missing_lines": [48, 49, 50], "excluded_lines": [], "executed_branches": [], "missing_branches": [[48, 49], [48, 50]]}, "base_model_to_bytes": {"executed_lines": [], "summary": {"covered_lines": 0, "num_statements": 2, "percent_covered": 0.0, "percent_covered_display": "0.00", "missing_lines": 2, "excluded_lines": 0, "num_branches": 0, "num_partial_branches": 0, "covered_branches": 0, "missing_branches": 0}, "missing_lines": [54, 55], "excluded_lines": [], "executed_branches": [], "missing_branches": []}, "decode_fame_data_payload": {"executed_lines": [], "summary": {"covered_lines": 0, "num_statements": 4, "percent_covered": 0.0, "percent_covered_display": "0.00", "missing_lines": 4, "excluded_lines": 0, "num_branches": 2, "num_partial_branches": 0, "covered_branches": 0, "missing_branches": 2}, "missing_lines": [59, 60, 61, 62], "excluded_lines": [], "executed_branches": [], "missing_branches": [[59, 60], [59, 62]]}, "normalize_path": {"executed_lines": [], "summary": {"covered_lines": 0, "num_statements": 1, "percent_covered": 0.0, "percent_covered_display": "0.00", "missing_lines": 1, "excluded_lines": 0, "num_branches": 0, "num_partial_branches": 0, "covered_branches": 0, "missing_branches": 0}, "missing_lines": [66], "excluded_lines": [], "executed_branches": [], "missing_branches": []}, "compiled_path_pattern": {"executed_lines": [], "summary": {"covered_lines": 0, "num_statements": 1, "percent_covered": 0.0, "percent_covered_display": "0.00", "missing_lines": 1, "excluded_lines": 0, "num_branches": 0, "num_partial_branches": 0, "covered_branches": 0, "missing_branches": 0}, "missing_lines": [75], "excluded_lines": [], "executed_branches": [], "missing_branches": []}, "_to_base62": {"executed_lines": [], "summary": {"covered_lines": 0, "num_statements": 7, "percent_covered": 0.0, "percent_covered_display": "0.00", "missing_lines": 7, "excluded_lines": 0, "num_branches": 4, "num_partial_branches": 0, "covered_branches": 0, "missing_branches": 4}, "missing_lines": [83, 84, 85, 86, 87, 88, 89], "excluded_lines": [], "executed_branches": [], "missing_branches": [[83, 84], [83, 85], [86, 87], [86, 89]]}, "secure_digest": {"executed_lines": [], "summary": {"covered_lines": 0, "num_statements": 5, "percent_covered": 0.0, "percent_covered_display": "0.00", "missing_lines": 5, "excluded_lines": 0, "num_branches": 0, "num_partial_branches": 0, "covered_branches": 0, "missing_branches": 0}, "missing_lines": [99, 101, 102, 104, 106], "excluded_lines": [], "executed_branches": [], "missing_branches": []}, "urlsafe_base64_encode": {"executed_lines": [], "summary": {"covered_lines": 0, "num_statements": 1, "percent_covered": 0.0, "percent_covered_display": "0.00", "missing_lines": 1, "excluded_lines": 0, "num_branches": 0, "num_partial_branches": 0, "covered_branches": 0, "missing_branches": 0}, "missing_lines": [110], "excluded_lines": [], "executed_branches": [], "missing_branches": []}, "deserialize_model": {"executed_lines": [], "summary": {"covered_lines": 0, "num_statements": 1, "percent_covered": 0.0, "percent_covered_display": "0.00", "missing_lines": 1, "excluded_lines": 0, "num_branches": 0, "num_partial_branches": 0, "covered_branches": 0, "missing_branches": 0}, "missing_lines": [118], "excluded_lines": [], "executed_branches": [], "missing_branches": []}, "camel_to_snake_case": {"executed_lines": [], "summary": {"covered_lines": 0, "num_statements": 3, "percent_covered": 0.0, "percent_covered_display": "0.00", "missing_lines": 3, "excluded_lines": 0, "num_branches": 0, "num_partial_branches": 0, "covered_branches": 0, "missing_branches": 0}, "missing_lines": [127, 129, 130], "excluded_lines": [], "executed_branches": [], "missing_branches": []}, "": {"executed_lines": [1, 3, 4, 5, 6, 7, 8, 9, 10, 11, 13, 15, 16, 19, 25, 31, 35, 41, 47, 53, 58, 65, 69, 70, 79, 82, 92, 109, 113, 124], "summary": {"covered_lines": 30, "num_statements": 30, "percent_covered": 100.0, "percent_covered_display": "100.00", "missing_lines": 0, "excluded_lines": 0, "num_branches": 0, "num_partial_branches": 0, "covered_branches": 0, "missing_branches": 0}, "missing_lines": [], "excluded_lines": [], "executed_branches": [], "missing_branches": []}}, "classes": {"": {"executed_lines": [1, 3, 4, 5, 6, 7, 8, 9, 10, 11, 13, 15, 16, 19, 25, 31, 35, 41, 47, 53, 58, 65, 69, 70, 79, 82, 92, 109, 113, 124], "summary": {"covered_lines": 30, "num_statements": 70, "percent_covered": 35.714285714285715, "percent_covered_display": "35.71", "missing_lines": 40, "excluded_lines": 0, "num_branches": 14, "num_partial_branches": 0, "covered_branches": 0, "missing_branches": 14}, "missing_lines": [20, 21, 22, 26, 27, 28, 32, 37, 38, 42, 43, 44, 48, 49, 50, 54, 55, 59, 60, 61, 62, 66, 75, 83, 84, 85, 86, 87, 88, 89, 99, 101, 102, 104, 106, 110, 118, 127, 129, 130], "excluded_lines": [], "executed_branches": [], "missing_branches": [[20, 21], [20, 22], [26, 27], [26, 28], [42, 43], [42, 44], [48, 49], [48, 50], [59, 60], [59, 62], [83, 84], [83, 85], [86, 87], [86, 89]]}}}}, "totals": {"covered_lines": 2373, "num_statements": 6850, "percent_covered": 28.02860974519446, "percent_covered_display": "28.03", "missing_lines": 4477, "excluded_lines": 2015, "num_branches": 2098, "num_partial_branches": 87, "covered_branches": 135, "missing_branches": 1963}}